<?xml version="1.0" encoding="utf-8"?><testsuites><testsuite name="pytest" errors="0" failures="0" skipped="0" tests="64" time="11.660" timestamp="2024-08-05T15:49:21.668888" hostname="banks"><testcase classname="tests.dataprob.fitters.test_base" name="test_Fitter__init__" time="0.001" /><testcase classname="tests.dataprob.fitters.test_base" name="test_Fitter__sanity_check" time="0.000" /><testcase classname="tests.dataprob.fitters.test_base" name="test_Fitter_fit" time="0.033" /><testcase classname="tests.dataprob.fitters.test_base" name="test__fit" time="0.000" /><testcase classname="tests.dataprob.fitters.test_base" name="test__update_estimates" time="0.000" /><testcase classname="tests.dataprob.fitters.test_base" name="test__unweighted_residuals" time="0.001" /><testcase classname="tests.dataprob.fitters.test_base" name="test_unweighted_residuals" time="0.001" /><testcase classname="tests.dataprob.fitters.test_base" name="test__weighted_residuals" time="0.002" /><testcase classname="tests.dataprob.fitters.test_base" name="test_weighted_residuals" time="0.002" /><testcase classname="tests.dataprob.fitters.test_base" name="test__ln_like" time="0.002" /><testcase classname="tests.dataprob.fitters.test_base" name="test_ln_like" time="0.003" /><testcase classname="tests.dataprob.fitters.test_base" name="test_model_setter_getter" time="0.001" /><testcase classname="tests.dataprob.fitters.test_base" name="test_guesses_setter_getter" time="0.001" /><testcase classname="tests.dataprob.fitters.test_base" name="test_bounds_setter_getter" time="0.001" /><testcase classname="tests.dataprob.fitters.test_base" name="test_priors_setter_getter" time="0.002" /><testcase classname="tests.dataprob.fitters.test_base" name="test_names_setter_getter" time="0.001" /><testcase classname="tests.dataprob.fitters.test_base" name="test_y_obs_setter_getter" time="0.001" /><testcase classname="tests.dataprob.fitters.test_base" name="test_y_stdev_setter_getter" time="0.003" /><testcase classname="tests.dataprob.fitters.test_base" name="test_num_params" time="0.001" /><testcase classname="tests.dataprob.fitters.test_base" name="test_num_obs" time="0.000" /><testcase classname="tests.dataprob.fitters.test_base" name="test_base_properties" time="0.000" /><testcase classname="tests.dataprob.fitters.test_base" name="test_fit_df" time="0.009" /><testcase classname="tests.dataprob.fitters.test_base" name="test_write_samples" time="0.005" /><testcase classname="tests.dataprob.fitters.test_base" name="test_append_samples" time="0.001" /><testcase classname="tests.dataprob.fitters.test_base" name="test_fit_completeness_sanity_checking" time="0.002" /><testcase classname="tests.dataprob.fitters.test_bayesian" name="test__find_normalization" time="0.969" /><testcase classname="tests.dataprob.fitters.test_bayesian" name="test__reconcile_bounds_and_priors" time="0.004" /><testcase classname="tests.dataprob.fitters.test_bayesian" name="test__find_uniform_value" time="0.001" /><testcase classname="tests.dataprob.fitters.test_bayesian" name="test_BayesianFitter__init__" time="0.001" /><testcase classname="tests.dataprob.fitters.test_bayesian" name="test__setup_priors" time="0.155" /><testcase classname="tests.dataprob.fitters.test_bayesian" name="test_BayesianFitter_ln_prior" time="0.120" /><testcase classname="tests.dataprob.fitters.test_bayesian" name="test_BayesianFitter__ln_prob" time="0.002" /><testcase classname="tests.dataprob.fitters.test_bayesian" name="test_BayesianFitter_ln_prob" time="0.032" /><testcase classname="tests.dataprob.fitters.test_bayesian" name="test_fit" time="9.005" /><testcase classname="tests.dataprob.fitters.test_bootstrap" name="test_init" time="0.000" /><testcase classname="tests.dataprob.fitters.test_bootstrap" name="test_fit" time="1.062" /><testcase classname="tests.dataprob.fitters.test_ml" name="test_init" time="0.000" /><testcase classname="tests.dataprob.fitters.test_ml" name="test_fit" time="0.087" /><testcase classname="tests.dataprob.test_check" name="test_check_bool" time="0.001" /><testcase classname="tests.dataprob.test_check" name="test_check_float" time="0.001" /><testcase classname="tests.dataprob.test_check" name="test_check_int" time="0.001" /><testcase classname="tests.dataprob.test_check" name="test_check_array" time="0.013" /><testcase classname="tests.dataprob.test_check" name="test_column_to_bool" time="0.001" /><testcase classname="tests.dataprob.test_fit_param" name="test__guess_setter_from_bounds" time="0.001" /><testcase classname="tests.dataprob.test_fit_param" name="test_init" time="0.000" /><testcase classname="tests.dataprob.test_fit_param" name="test_name_getter_setter" time="0.000" /><testcase classname="tests.dataprob.test_fit_param" name="test_guess_getter_setter" time="0.002" /><testcase classname="tests.dataprob.test_fit_param" name="test_fixed_setter_getter" time="0.000" /><testcase classname="tests.dataprob.test_fit_param" name="test_bounds_getter_setter" time="0.002" /><testcase classname="tests.dataprob.test_fit_param" name="test_prior_setter_getter" time="0.001" /><testcase classname="tests.dataprob.test_fit_param" name="test_value_getter" time="0.000" /><testcase classname="tests.dataprob.test_fit_param" name="test_stdev_getter" time="0.000" /><testcase classname="tests.dataprob.test_fit_param" name="test_is_fit_result_getter" time="0.000" /><testcase classname="tests.dataprob.test_fit_param" name="test_load_clear_fit_results" time="0.021" /><testcase classname="tests.dataprob.test_fit_param" name="test_interaction_bounds_guesses" time="0.002" /><testcase classname="tests.dataprob.test_integration" name="test_integrated_ml_fit" time="0.011" /><testcase classname="tests.dataprob.test_model_wrapper" name="test_init" time="0.003" /><testcase classname="tests.dataprob.test_model_wrapper" name="test_expand_to_model_inputs" time="0.001" /><testcase classname="tests.dataprob.test_model_wrapper" name="test_setting_guess" time="0.001" /><testcase classname="tests.dataprob.test_model_wrapper" name="test_setting_bounds" time="0.001" /><testcase classname="tests.dataprob.test_model_wrapper" name="test_setting_name" time="0.000" /><testcase classname="tests.dataprob.test_model_wrapper" name="test_setting_fixed" time="0.001" /><testcase classname="tests.dataprob.test_model_wrapper" name="test_setting_other_arguments" time="0.001" /><testcase classname="tests.dataprob.test_model_wrapper" name="test_model_output" time="0.001" /></testsuite></testsuites>