<?xml version="1.0" encoding="utf-8"?><testsuites><testsuite name="pytest" errors="0" failures="0" skipped="0" tests="56" time="11.391" timestamp="2024-08-01T16:51:17.433159" hostname="banks"><testcase classname="tests.dataprob.fitters.test_base" name="test_Fitter__init__" time="0.000" /><testcase classname="tests.dataprob.fitters.test_base" name="test_Fitter__sanity_check" time="0.000" /><testcase classname="tests.dataprob.fitters.test_base" name="test__fit" time="0.000" /><testcase classname="tests.dataprob.fitters.test_base" name="test__update_estimates" time="0.000" /><testcase classname="tests.dataprob.fitters.test_base" name="test_unweighted_residuals" time="0.007" /><testcase classname="tests.dataprob.fitters.test_base" name="test_weighted_residuals" time="0.001" /><testcase classname="tests.dataprob.fitters.test_base" name="test_ln_like" time="0.001" /><testcase classname="tests.dataprob.fitters.test_base" name="test_model_setter_getter" time="0.002" /><testcase classname="tests.dataprob.fitters.test_base" name="test_guesses_setter_getter" time="0.001" /><testcase classname="tests.dataprob.fitters.test_base" name="test_bounds_setter_getter" time="0.001" /><testcase classname="tests.dataprob.fitters.test_base" name="test_priors_setter_getter" time="0.001" /><testcase classname="tests.dataprob.fitters.test_base" name="test_names_setter_getter" time="0.001" /><testcase classname="tests.dataprob.fitters.test_base" name="test_y_obs_setter_getter" time="0.000" /><testcase classname="tests.dataprob.fitters.test_base" name="test_y_stdev_setter_getter" time="0.001" /><testcase classname="tests.dataprob.fitters.test_base" name="test_num_params" time="0.001" /><testcase classname="tests.dataprob.fitters.test_base" name="test_num_obs" time="0.000" /><testcase classname="tests.dataprob.fitters.test_base" name="test_base_properties" time="0.000" /><testcase classname="tests.dataprob.fitters.test_base" name="test_write_samples" time="0.004" /><testcase classname="tests.dataprob.fitters.test_base" name="test_append_samples" time="0.001" /><testcase classname="tests.dataprob.fitters.test_base" name="test_fit_completeness_sanity_checking" time="0.000" /><testcase classname="tests.dataprob.fitters.test_bayesian" name="test__find_normalization" time="0.957" /><testcase classname="tests.dataprob.fitters.test_bayesian" name="test__find_uniform_value" time="0.001" /><testcase classname="tests.dataprob.fitters.test_bayesian" name="test__setup_priors" time="0.164" /><testcase classname="tests.dataprob.fitters.test_bayesian" name="test_BayesianFitter_ln_prior" time="0.125" /><testcase classname="tests.dataprob.fitters.test_bayesian" name="test_fit" time="9.000" /><testcase classname="tests.dataprob.fitters.test_bootstrap" name="test_init" time="0.000" /><testcase classname="tests.dataprob.fitters.test_bootstrap" name="test_fit" time="0.895" /><testcase classname="tests.dataprob.fitters.test_ml" name="test_init" time="0.000" /><testcase classname="tests.dataprob.fitters.test_ml" name="test_fit" time="0.081" /><testcase classname="tests.dataprob.test_check" name="test_check_bool" time="0.001" /><testcase classname="tests.dataprob.test_check" name="test_check_float" time="0.001" /><testcase classname="tests.dataprob.test_check" name="test_check_int" time="0.001" /><testcase classname="tests.dataprob.test_check" name="test_column_to_bool" time="0.001" /><testcase classname="tests.dataprob.test_fit_param" name="test__guess_setter_from_bounds" time="0.001" /><testcase classname="tests.dataprob.test_fit_param" name="test_init" time="0.001" /><testcase classname="tests.dataprob.test_fit_param" name="test_name_getter_setter" time="0.001" /><testcase classname="tests.dataprob.test_fit_param" name="test_guess_getter_setter" time="0.003" /><testcase classname="tests.dataprob.test_fit_param" name="test_fixed_setter_getter" time="0.001" /><testcase classname="tests.dataprob.test_fit_param" name="test_bounds_getter_setter" time="0.003" /><testcase classname="tests.dataprob.test_fit_param" name="test_prior_setter_getter" time="0.001" /><testcase classname="tests.dataprob.test_fit_param" name="test_value_getter" time="0.000" /><testcase classname="tests.dataprob.test_fit_param" name="test_stdev_getter" time="0.001" /><testcase classname="tests.dataprob.test_fit_param" name="test_is_fit_result_getter" time="0.000" /><testcase classname="tests.dataprob.test_fit_param" name="test_load_clear_fit_results" time="0.012" /><testcase classname="tests.dataprob.test_fit_param" name="test_interaction_bounds_guesses" time="0.003" /><testcase classname="tests.dataprob.test_integration" name="test_integrated_ml_fit" time="0.010" /><testcase classname="tests.dataprob.test_model_wrapper" name="test_init" time="0.003" /><testcase classname="tests.dataprob.test_model_wrapper" name="test_expand_to_model_inputs" time="0.001" /><testcase classname="tests.dataprob.test_model_wrapper" name="test_setting_guess" time="0.001" /><testcase classname="tests.dataprob.test_model_wrapper" name="test_setting_bounds" time="0.001" /><testcase classname="tests.dataprob.test_model_wrapper" name="test_setting_name" time="0.001" /><testcase classname="tests.dataprob.test_model_wrapper" name="test_setting_fixed" time="0.001" /><testcase classname="tests.dataprob.test_model_wrapper" name="test_setting_other_arguments" time="0.001" /><testcase classname="tests.dataprob.test_model_wrapper" name="test_model_output" time="0.001" /><testcase classname="tests.dataprob.test_sampling" name="test_init" time="0.000" /><testcase classname="tests.dataprob.test_sampling" name="test_write_append_samples" time="0.019" /></testsuite></testsuites>