<?xml version="1.0" encoding="utf-8"?><testsuites><testsuite name="pytest" errors="0" failures="0" skipped="0" tests="40" time="9.472" timestamp="2024-07-22T21:59:19.192340" hostname="banks"><testcase classname="tests.dataprob.fitters.test_base" name="test_init" time="0.000" /><testcase classname="tests.dataprob.fitters.test_base" name="test_model_setter_getter" time="0.010" /><testcase classname="tests.dataprob.fitters.test_base" name="test_guesses_setter_getter" time="0.001" /><testcase classname="tests.dataprob.fitters.test_base" name="test_bounds_setter_getter" time="0.000" /><testcase classname="tests.dataprob.fitters.test_base" name="test_names_setter_getter" time="0.000" /><testcase classname="tests.dataprob.fitters.test_base" name="test_param_mismatch_check" time="0.000" /><testcase classname="tests.dataprob.fitters.test_base" name="test_y_obs_setter_getter" time="0.000" /><testcase classname="tests.dataprob.fitters.test_base" name="test_y_stdev_setter_getter" time="0.000" /><testcase classname="tests.dataprob.fitters.test_base" name="test_obs_mismatch_check" time="0.000" /><testcase classname="tests.dataprob.fitters.test_base" name="test_fit_completeness_sanity_checking" time="0.000" /><testcase classname="tests.dataprob.fitters.test_base" name="test_unweighted_residuals" time="0.001" /><testcase classname="tests.dataprob.fitters.test_base" name="test_weighted_residuals" time="0.001" /><testcase classname="tests.dataprob.fitters.test_base" name="test_ln_like" time="0.001" /><testcase classname="tests.dataprob.fitters.test_base" name="test_num_params" time="0.000" /><testcase classname="tests.dataprob.fitters.test_base" name="test_num_obs" time="0.000" /><testcase classname="tests.dataprob.fitters.test_base" name="test_base_properties" time="0.000" /><testcase classname="tests.dataprob.fitters.test_base" name="test_base_functions" time="0.000" /><testcase classname="tests.dataprob.fitters.test_bayesian" name="test_init" time="0.000" /><testcase classname="tests.dataprob.fitters.test_bayesian" name="test_fit" time="8.377" /><testcase classname="tests.dataprob.fitters.test_bootstrap" name="test_init" time="0.000" /><testcase classname="tests.dataprob.fitters.test_bootstrap" name="test_fit" time="0.849" /><testcase classname="tests.dataprob.fitters.test_ml" name="test_init" time="0.000" /><testcase classname="tests.dataprob.fitters.test_ml" name="test_fit" time="0.118" /><testcase classname="tests.dataprob.test_fit_param" name="test_init" time="0.000" /><testcase classname="tests.dataprob.test_fit_param" name="test_name_getter_setter" time="0.000" /><testcase classname="tests.dataprob.test_fit_param" name="test_guess_getter_setter" time="0.001" /><testcase classname="tests.dataprob.test_fit_param" name="test_bounds_getter_setter" time="0.000" /><testcase classname="tests.dataprob.test_fit_param" name="test_interaction_bounds_guesses" time="0.002" /><testcase classname="tests.dataprob.test_fit_param" name="test_load_clear_fit_results" time="0.009" /><testcase classname="tests.dataprob.test_integration" name="test_integrated_ml_fit" time="0.008" /><testcase classname="tests.dataprob.test_model_wrapper" name="test_init" time="0.002" /><testcase classname="tests.dataprob.test_model_wrapper" name="test_expand_to_model_inputs" time="0.001" /><testcase classname="tests.dataprob.test_model_wrapper" name="test_setting_guess" time="0.001" /><testcase classname="tests.dataprob.test_model_wrapper" name="test_setting_bounds" time="0.001" /><testcase classname="tests.dataprob.test_model_wrapper" name="test_setting_name" time="0.000" /><testcase classname="tests.dataprob.test_model_wrapper" name="test_setting_fixed" time="0.001" /><testcase classname="tests.dataprob.test_model_wrapper" name="test_setting_other_arguments" time="0.000" /><testcase classname="tests.dataprob.test_model_wrapper" name="test_model_output" time="0.001" /><testcase classname="tests.dataprob.test_sampling" name="test_init" time="0.000" /><testcase classname="tests.dataprob.test_sampling" name="test_write_append_samples" time="0.019" /></testsuite></testsuites>