<?xml version="1.0" encoding="utf-8"?><testsuites><testsuite name="pytest" errors="0" failures="0" skipped="0" tests="132" time="106.943" timestamp="2024-08-27T13:21:06.982741" hostname="banks"><testcase classname="tests.dataprob.fitters.bayesian.test__prior_processing" name="test__find_normalization" time="1.036" /><testcase classname="tests.dataprob.fitters.bayesian.test__prior_processing" name="test__reconcile_bounds_and_priors" time="0.005" /><testcase classname="tests.dataprob.fitters.bayesian.test__prior_processing" name="test__find_uniform_value" time="0.001" /><testcase classname="tests.dataprob.fitters.bayesian.test__prior_processing" name="test__sample_gaussian" time="0.396" /><testcase classname="tests.dataprob.fitters.bayesian.test__prior_processing" name="test__cover_uniform" time="0.003" /><testcase classname="tests.dataprob.fitters.bayesian.test__prior_processing" name="test_create_walkers" time="0.277" /><testcase classname="tests.dataprob.fitters.bayesian.test_bayesian_sampler" name="test_BayesianSampler__init__" time="0.013" /><testcase classname="tests.dataprob.fitters.bayesian.test_bayesian_sampler" name="test__setup_priors" time="0.267" /><testcase classname="tests.dataprob.fitters.bayesian.test_bayesian_sampler" name="test_BayesianSampler__ln_prior" time="0.155" /><testcase classname="tests.dataprob.fitters.bayesian.test_bayesian_sampler" name="test_BayesianSampler_ln_prior" time="0.148" /><testcase classname="tests.dataprob.fitters.bayesian.test_bayesian_sampler" name="test_BayesianSampler__ln_prob" time="0.087" /><testcase classname="tests.dataprob.fitters.bayesian.test_bayesian_sampler" name="test_BayesianSampler_ln_prob" time="0.148" /><testcase classname="tests.dataprob.fitters.bayesian.test_bayesian_sampler" name="test_BayesianSampler_fit" time="0.222" /><testcase classname="tests.dataprob.fitters.bayesian.test_bayesian_sampler" name="test_BayesianSampler__fit" time="0.869" /><testcase classname="tests.dataprob.fitters.bayesian.test_bayesian_sampler" name="test_BayesianSampler__update_fit_df" time="0.235" /><testcase classname="tests.dataprob.fitters.bayesian.test_bayesian_sampler" name="test_BayesianSampler_fit_info" time="0.126" /><testcase classname="tests.dataprob.fitters.bayesian.test_bayesian_sampler" name="test_BayesianSampler___repr__" time="0.474" /><testcase classname="tests.dataprob.fitters.test_base" name="test__pretty_zeropad_str" time="0.000" /><testcase classname="tests.dataprob.fitters.test_base" name="test_Fitter__init__" time="0.046" /><testcase classname="tests.dataprob.fitters.test_base" name="test_Fitter__sanity_check" time="0.012" /><testcase classname="tests.dataprob.fitters.test_base" name="test_Fitter__process_obs_args" time="0.021" /><testcase classname="tests.dataprob.fitters.test_base" name="test_Fitter_fit" time="0.042" /><testcase classname="tests.dataprob.fitters.test_base" name="test_Fitter__fit" time="0.012" /><testcase classname="tests.dataprob.fitters.test_base" name="test_Fitter__unweighted_residuals" time="0.012" /><testcase classname="tests.dataprob.fitters.test_base" name="test_Fitter_unweighted_residuals" time="0.019" /><testcase classname="tests.dataprob.fitters.test_base" name="test_Fitter__weighted_residuals" time="0.012" /><testcase classname="tests.dataprob.fitters.test_base" name="test_Fitter_weighted_residuals" time="0.020" /><testcase classname="tests.dataprob.fitters.test_base" name="test_Fitter__ln_like" time="0.013" /><testcase classname="tests.dataprob.fitters.test_base" name="test_Fitter_ln_like" time="0.017" /><testcase classname="tests.dataprob.fitters.test_base" name="test_Fitter_y_obs" time="0.011" /><testcase classname="tests.dataprob.fitters.test_base" name="test_Fitter_y_std" time="0.011" /><testcase classname="tests.dataprob.fitters.test_base" name="test_Fitter_param_df" time="0.015" /><testcase classname="tests.dataprob.fitters.test_base" name="test_Fitter_non_fit_kwargs" time="0.021" /><testcase classname="tests.dataprob.fitters.test_base" name="test_Fitter_data_df" time="0.231" /><testcase classname="tests.dataprob.fitters.test_base" name="test_Fitter__initialize_fit_df" time="0.002" /><testcase classname="tests.dataprob.fitters.test_base" name="test_Fitter__update_fit_df" time="0.011" /><testcase classname="tests.dataprob.fitters.test_base" name="test_Fitter_fit_df" time="0.011" /><testcase classname="tests.dataprob.fitters.test_base" name="test_Fitter_samples" time="0.011" /><testcase classname="tests.dataprob.fitters.test_base" name="test_Fitter_get_sample_df" time="0.398" /><testcase classname="tests.dataprob.fitters.test_base" name="test_Fitter_write_samples" time="0.015" /><testcase classname="tests.dataprob.fitters.test_base" name="test_Fitter_append_samples" time="0.077" /><testcase classname="tests.dataprob.fitters.test_base" name="test_Fitter_num_params" time="0.068" /><testcase classname="tests.dataprob.fitters.test_base" name="test_Fitter_num_obs" time="0.022" /><testcase classname="tests.dataprob.fitters.test_base" name="test_Fitter_success" time="0.011" /><testcase classname="tests.dataprob.fitters.test_base" name="test_Fitter_fit_info" time="0.011" /><testcase classname="tests.dataprob.fitters.test_base" name="test_Fitter_fit_result" time="0.011" /><testcase classname="tests.dataprob.fitters.test_bootstrap" name="test_BootstrapFitter__init" time="0.011" /><testcase classname="tests.dataprob.fitters.test_bootstrap" name="test_BootstrapFitter_fit" time="0.051" /><testcase classname="tests.dataprob.fitters.test_bootstrap" name="test_BootstrapFitter__fit" time="0.096" /><testcase classname="tests.dataprob.fitters.test_bootstrap" name="test_BootstrapFitter__update_fit_df" time="0.075" /><testcase classname="tests.dataprob.fitters.test_bootstrap" name="test_BootstrapFitter___repr__" time="0.081" /><testcase classname="tests.dataprob.fitters.test_ml" name="test_MLFitter___init__" time="0.011" /><testcase classname="tests.dataprob.fitters.test_ml" name="test_MLFitter_fit" time="0.024" /><testcase classname="tests.dataprob.fitters.test_ml" name="test_MLFitter__fit" time="0.065" /><testcase classname="tests.dataprob.fitters.test_ml" name="test_MLFitter__update_fit_df" time="0.042" /><testcase classname="tests.dataprob.fitters.test_ml" name="test_MLFitter_samples" time="0.072" /><testcase classname="tests.dataprob.fitters.test_ml" name="test_MLFitter___repr__" time="0.034" /><testcase classname="tests.dataprob.fitters.test_setup" name="test_setup" time="0.116" /><testcase classname="tests.dataprob.model_wrapper.test__dataframe_processing" name="test__check_name" time="0.002" /><testcase classname="tests.dataprob.model_wrapper.test__dataframe_processing" name="test__build_columns" time="0.015" /><testcase classname="tests.dataprob.model_wrapper.test__dataframe_processing" name="test__check_bounds" time="0.025" /><testcase classname="tests.dataprob.model_wrapper.test__dataframe_processing" name="test__check_guesses" time="0.012" /><testcase classname="tests.dataprob.model_wrapper.test__dataframe_processing" name="test__check_priors" time="0.020" /><testcase classname="tests.dataprob.model_wrapper.test__dataframe_processing" name="test__df_to_dict" time="0.002" /><testcase classname="tests.dataprob.model_wrapper.test__dataframe_processing" name="test_validate_dataframe" time="0.164" /><testcase classname="tests.dataprob.model_wrapper.test__dataframe_processing" name="test_param_into_existing" time="0.007" /><testcase classname="tests.dataprob.model_wrapper.test__function_processing" name="test_analyze_fcn_sig" time="0.002" /><testcase classname="tests.dataprob.model_wrapper.test__function_processing" name="test_reconcile_fittable" time="0.001" /><testcase classname="tests.dataprob.model_wrapper.test__function_processing" name="test_analyze_vector_input_fcn" time="0.001" /><testcase classname="tests.dataprob.model_wrapper.test_model_wrapper" name="test_ModelWrapper___init__" time="0.028" /><testcase classname="tests.dataprob.model_wrapper.test_model_wrapper" name="test_ModelWrapper__load_model" time="0.069" /><testcase classname="tests.dataprob.model_wrapper.test_model_wrapper" name="test_ModelWrapper__validate_non_fit_kwargs" time="0.014" /><testcase classname="tests.dataprob.model_wrapper.test_model_wrapper" name="test_ModelWrapper_finalize_params" time="0.028" /><testcase classname="tests.dataprob.model_wrapper.test_model_wrapper" name="test_ModelWrapper_update_params" time="0.071" /><testcase classname="tests.dataprob.model_wrapper.test_model_wrapper" name="test_ModelWrapper_model" time="0.046" /><testcase classname="tests.dataprob.model_wrapper.test_model_wrapper" name="test_ModelWrapper_fast_model" time="0.014" /><testcase classname="tests.dataprob.model_wrapper.test_model_wrapper" name="test_ModelWrapper_param_df" time="0.011" /><testcase classname="tests.dataprob.model_wrapper.test_model_wrapper" name="test_ModelWrapper_non_fit_kwargs" time="0.007" /><testcase classname="tests.dataprob.model_wrapper.test_model_wrapper" name="test_ModelWrapper_unfixed_mask" time="0.010" /><testcase classname="tests.dataprob.model_wrapper.test_model_wrapper" name="test_ModelWrapper___repr__" time="0.024" /><testcase classname="tests.dataprob.model_wrapper.test_vector_model_wrapper" name="test_VectorModelWrapper__init__" time="0.012" /><testcase classname="tests.dataprob.model_wrapper.test_vector_model_wrapper" name="test_VectorModelWrapper__load_model" time="0.047" /><testcase classname="tests.dataprob.model_wrapper.test_vector_model_wrapper" name="test_VectorModelWrapper__finalize_params" time="0.012" /><testcase classname="tests.dataprob.model_wrapper.test_vector_model_wrapper" name="test_VectorModelWrapper_model" time="0.059" /><testcase classname="tests.dataprob.model_wrapper.test_vector_model_wrapper" name="test_VectorModelWrapper_fast_model" time="0.014" /><testcase classname="tests.dataprob.model_wrapper.test_wrap_function" name="test_wrap_function" time="0.159" /><testcase classname="tests.dataprob.plot.test__plot_utils" name="test_get_plot_features" time="0.012" /><testcase classname="tests.dataprob.plot.test__plot_utils" name="test_get_style" time="0.001" /><testcase classname="tests.dataprob.plot.test__plot_utils" name="test_get_vectors" time="0.057" /><testcase classname="tests.dataprob.plot.test__plot_utils" name="test__get_edges" time="0.001" /><testcase classname="tests.dataprob.plot.test__plot_utils" name="test_get_plot_dimensions" time="0.000" /><testcase classname="tests.dataprob.plot.test__plot_utils" name="test_sync_axes" time="0.124" /><testcase classname="tests.dataprob.plot.test_appearance" name="test_default_styles" time="0.000" /><testcase classname="tests.dataprob.plot.test_corner" name="test_plot_corner" time="0.760" /><testcase classname="tests.dataprob.plot.test_plot_fit" name="test_plot_fit" time="0.481" /><testcase classname="tests.dataprob.plot.test_plot_residuals" name="test_plot_residuals" time="1.304" /><testcase classname="tests.dataprob.plot.test_plot_residuals_hist" name="test_plot_residuals_hist" time="0.261" /><testcase classname="tests.dataprob.plot.test_plot_summary" name="test_plot_summary" time="0.771" /><testcase classname="tests.dataprob.test_integration.test_binding" name="test_ml" time="0.738" /><testcase classname="tests.dataprob.test_integration.test_binding" name="test_bayesian" time="4.449" /><testcase classname="tests.dataprob.test_integration.test_binding" name="test_bootstrap" time="1.097" /><testcase classname="tests.dataprob.test_integration.test_exponential-saturation" name="test_ml" time="0.885" /><testcase classname="tests.dataprob.test_integration.test_exponential-saturation" name="test_bayesian" time="4.468" /><testcase classname="tests.dataprob.test_integration.test_exponential-saturation" name="test_bootstrap" time="1.034" /><testcase classname="tests.dataprob.test_integration.test_lagged-exponential" name="test_ml" time="0.869" /><testcase classname="tests.dataprob.test_integration.test_lagged-exponential" name="test_bayesian" time="4.260" /><testcase classname="tests.dataprob.test_integration.test_lagged-exponential" name="test_bootstrap" time="0.944" /><testcase classname="tests.dataprob.test_integration.test_linear-extrapolation-folding" name="test_ml" time="1.427" /><testcase classname="tests.dataprob.test_integration.test_linear-extrapolation-folding" name="test_bayesian" time="4.861" /><testcase classname="tests.dataprob.test_integration.test_linear-extrapolation-folding" name="test_bootstrap" time="1.862" /><testcase classname="tests.dataprob.test_integration.test_linear" name="test_ml" time="0.782" /><testcase classname="tests.dataprob.test_integration.test_linear" name="test_bayesian" time="4.306" /><testcase classname="tests.dataprob.test_integration.test_linear" name="test_bootstrap" time="0.870" /><testcase classname="tests.dataprob.test_integration.test_michelis-menten" name="test_ml" time="0.830" /><testcase classname="tests.dataprob.test_integration.test_michelis-menten" name="test_bayesian" time="4.265" /><testcase classname="tests.dataprob.test_integration.test_michelis-menten" name="test_bootstrap" time="1.004" /><testcase classname="tests.dataprob.test_integration.test_mixed-gaussian" name="test_ml" time="1.651" /><testcase classname="tests.dataprob.test_integration.test_mixed-gaussian" name="test_bayesian" time="13.775" /><testcase classname="tests.dataprob.test_integration.test_mixed-gaussian" name="test_bootstrap" time="11.818" /><testcase classname="tests.dataprob.test_integration.test_periodic" name="test_ml" time="0.782" /><testcase classname="tests.dataprob.test_integration.test_periodic" name="test_bayesian" time="4.329" /><testcase classname="tests.dataprob.test_integration.test_periodic" name="test_bootstrap" time="0.978" /><testcase classname="tests.dataprob.test_integration.test_polynomial" name="test_ml" time="1.222" /><testcase classname="tests.dataprob.test_integration.test_polynomial" name="test_bayesian" time="4.748" /><testcase classname="tests.dataprob.test_integration.test_polynomial" name="test_bootstrap" time="1.251" /><testcase classname="tests.dataprob.test_integration.test_random" name="test_bayesian" time="14.476" /><testcase classname="tests.dataprob.test_package" name="test_generic_stuff" time="0.000" /><testcase classname="tests.dataprob.util.test_check" name="test_check_bool" time="0.001" /><testcase classname="tests.dataprob.util.test_check" name="test_check_float" time="0.001" /><testcase classname="tests.dataprob.util.test_check" name="test_check_int" time="0.001" /><testcase classname="tests.dataprob.util.test_check" name="test_check_array" time="0.013" /><testcase classname="tests.dataprob.util.test_read_spreadsheet" name="test_read_spreadsheet" time="0.029" /></testsuite></testsuites>