<?xml version="1.0" encoding="utf-8"?><testsuites><testsuite name="pytest" errors="0" failures="0" skipped="0" tests="97" time="58.079" timestamp="2024-08-14T15:30:41.808755" hostname="banks"><testcase classname="tests.dataprob.fitters.bayesian.test__prior_processing" name="test__find_normalization" time="0.985" /><testcase classname="tests.dataprob.fitters.bayesian.test__prior_processing" name="test__reconcile_bounds_and_priors" time="0.004" /><testcase classname="tests.dataprob.fitters.bayesian.test__prior_processing" name="test__find_uniform_value" time="0.001" /><testcase classname="tests.dataprob.fitters.bayesian.test__prior_processing" name="test__sample_gaussian" time="0.381" /><testcase classname="tests.dataprob.fitters.bayesian.test__prior_processing" name="test__cover_uniform" time="0.001" /><testcase classname="tests.dataprob.fitters.bayesian.test__prior_processing" name="test_create_walkers" time="0.244" /><testcase classname="tests.dataprob.fitters.bayesian.test_bayesian_sampler" name="test_BayesianSampler__init__" time="0.001" /><testcase classname="tests.dataprob.fitters.bayesian.test_bayesian_sampler" name="test__setup_priors" time="0.241" /><testcase classname="tests.dataprob.fitters.bayesian.test_bayesian_sampler" name="test_BayesianSampler__ln_prior" time="0.140" /><testcase classname="tests.dataprob.fitters.bayesian.test_bayesian_sampler" name="test_BayesianSampler_ln_prior" time="0.124" /><testcase classname="tests.dataprob.fitters.bayesian.test_bayesian_sampler" name="test_BayesianSampler__ln_prob" time="0.081" /><testcase classname="tests.dataprob.fitters.bayesian.test_bayesian_sampler" name="test_BayesianSampler_ln_prob" time="0.127" /><testcase classname="tests.dataprob.fitters.bayesian.test_bayesian_sampler" name="test_BayesianSampler__fit" time="4.203" /><testcase classname="tests.dataprob.fitters.bayesian.test_bayesian_sampler" name="test_BayesianSampler__update_fit_df" time="0.847" /><testcase classname="tests.dataprob.fitters.bayesian.test_bayesian_sampler" name="test_BayesianSampler_fit_info" time="0.000" /><testcase classname="tests.dataprob.fitters.bayesian.test_bayesian_sampler" name="test_BayesianSampler___repr__" time="3.499" /><testcase classname="tests.dataprob.fitters.test_base" name="test__pretty_zeropad_str" time="0.000" /><testcase classname="tests.dataprob.fitters.test_base" name="test_Fitter__init__" time="0.000" /><testcase classname="tests.dataprob.fitters.test_base" name="test_Fitter__sanity_check" time="0.000" /><testcase classname="tests.dataprob.fitters.test_base" name="test_Fitter__process_model_args" time="0.043" /><testcase classname="tests.dataprob.fitters.test_base" name="test_Fitter__process_fit_args" time="0.086" /><testcase classname="tests.dataprob.fitters.test_base" name="test_Fitter__process_obs_args" time="0.012" /><testcase classname="tests.dataprob.fitters.test_base" name="test_Fitter_fit" time="0.051" /><testcase classname="tests.dataprob.fitters.test_base" name="test_Fitter__fit" time="0.000" /><testcase classname="tests.dataprob.fitters.test_base" name="test_Fitter__unweighted_residuals" time="0.020" /><testcase classname="tests.dataprob.fitters.test_base" name="test_Fitter_unweighted_residuals" time="0.013" /><testcase classname="tests.dataprob.fitters.test_base" name="test_Fitter__weighted_residuals" time="0.014" /><testcase classname="tests.dataprob.fitters.test_base" name="test_Fitter_weighted_residuals" time="0.014" /><testcase classname="tests.dataprob.fitters.test_base" name="test_Fitter__ln_like" time="0.014" /><testcase classname="tests.dataprob.fitters.test_base" name="test_Fitter_ln_like" time="0.014" /><testcase classname="tests.dataprob.fitters.test_base" name="test_Fitter_model_setter_getter" time="0.032" /><testcase classname="tests.dataprob.fitters.test_base" name="test_Fitter_y_obs_setter_getter" time="0.001" /><testcase classname="tests.dataprob.fitters.test_base" name="test_Fitter_y_std_setter_getter" time="0.002" /><testcase classname="tests.dataprob.fitters.test_base" name="test_Fitter_param_df" time="0.008" /><testcase classname="tests.dataprob.fitters.test_base" name="test_Fitter_data_df" time="0.022" /><testcase classname="tests.dataprob.fitters.test_base" name="test_Fitter__initialize_fit_df" time="0.002" /><testcase classname="tests.dataprob.fitters.test_base" name="test_Fitter__update_fit_df" time="0.000" /><testcase classname="tests.dataprob.fitters.test_base" name="test_Fitter_fit_df" time="0.009" /><testcase classname="tests.dataprob.fitters.test_base" name="test_Fitter_samples" time="0.000" /><testcase classname="tests.dataprob.fitters.test_base" name="test_Fitter_get_sample_df" time="0.356" /><testcase classname="tests.dataprob.fitters.test_base" name="test_corner_plot" time="0.826" /><testcase classname="tests.dataprob.fitters.test_base" name="test_Fitter_write_samples" time="0.004" /><testcase classname="tests.dataprob.fitters.test_base" name="test_Fitter_append_samples" time="0.050" /><testcase classname="tests.dataprob.fitters.test_base" name="test_Fitter_num_params" time="0.030" /><testcase classname="tests.dataprob.fitters.test_base" name="test_Fitter_num_obs" time="0.000" /><testcase classname="tests.dataprob.fitters.test_base" name="test_Fitter_num_unfixed_params" time="0.018" /><testcase classname="tests.dataprob.fitters.test_base" name="test_Fitter_fit_type" time="0.000" /><testcase classname="tests.dataprob.fitters.test_base" name="test_Fitter_success" time="0.000" /><testcase classname="tests.dataprob.fitters.test_base" name="test_Fitter_fit_info" time="0.000" /><testcase classname="tests.dataprob.fitters.test_base" name="test_Fitter_fit_result" time="0.000" /><testcase classname="tests.dataprob.fitters.test_bootstrap" name="test_BootstrapFitter__init" time="0.000" /><testcase classname="tests.dataprob.fitters.test_bootstrap" name="test_BootstrapFitter__fit" time="1.391" /><testcase classname="tests.dataprob.fitters.test_bootstrap" name="test_BootstrapFitter__update_fit_df" time="0.439" /><testcase classname="tests.dataprob.fitters.test_bootstrap" name="test_BootstrapFitter___repr__" time="1.850" /><testcase classname="tests.dataprob.fitters.test_ml" name="test_MLFitter___init__" time="0.000" /><testcase classname="tests.dataprob.fitters.test_ml" name="test_MLFitter__fit" time="0.143" /><testcase classname="tests.dataprob.fitters.test_ml" name="test_MLFitter__update_fit_df" time="0.113" /><testcase classname="tests.dataprob.fitters.test_ml" name="test_MLFitter_samples" time="0.115" /><testcase classname="tests.dataprob.fitters.test_ml" name="test_MLFitter___repr__" time="0.041" /><testcase classname="tests.dataprob.model_wrapper.test__dataframe_processing" name="test__check_name" time="0.002" /><testcase classname="tests.dataprob.model_wrapper.test__dataframe_processing" name="test__build_columns" time="0.015" /><testcase classname="tests.dataprob.model_wrapper.test__dataframe_processing" name="test__check_bounds" time="0.025" /><testcase classname="tests.dataprob.model_wrapper.test__dataframe_processing" name="test__check_guesses" time="0.012" /><testcase classname="tests.dataprob.model_wrapper.test__dataframe_processing" name="test__check_priors" time="0.021" /><testcase classname="tests.dataprob.model_wrapper.test__dataframe_processing" name="test__df_to_dict" time="0.002" /><testcase classname="tests.dataprob.model_wrapper.test__dataframe_processing" name="test_read_spreadsheet" time="0.182" /><testcase classname="tests.dataprob.model_wrapper.test__dataframe_processing" name="test_validate_dataframe" time="0.008" /><testcase classname="tests.dataprob.model_wrapper.test__dataframe_processing" name="test_param_into_existing" time="0.007" /><testcase classname="tests.dataprob.model_wrapper.test__function_processing" name="test_analyze_fcn_sig" time="0.001" /><testcase classname="tests.dataprob.model_wrapper.test__function_processing" name="test_reconcile_fittable" time="0.001" /><testcase classname="tests.dataprob.model_wrapper.test__function_processing" name="test_param_sanity_check" time="0.000" /><testcase classname="tests.dataprob.model_wrapper.test__function_processing" name="test_analyze_vector_input_fcn" time="0.000" /><testcase classname="tests.dataprob.model_wrapper.test_model_wrapper" name="test_ModelWrapper___init__" time="0.014" /><testcase classname="tests.dataprob.model_wrapper.test_model_wrapper" name="test_ModelWrapper__load_model" time="0.028" /><testcase classname="tests.dataprob.model_wrapper.test_model_wrapper" name="test_ModelWrapper__setattr__" time="0.010" /><testcase classname="tests.dataprob.model_wrapper.test_model_wrapper" name="test_ModelWrapper___getattr__" time="0.007" /><testcase classname="tests.dataprob.model_wrapper.test_model_wrapper" name="test_ModelWrapper__finalize_params" time="0.014" /><testcase classname="tests.dataprob.model_wrapper.test_model_wrapper" name="test_ModelWrapper__mw_observable" time="0.017" /><testcase classname="tests.dataprob.model_wrapper.test_model_wrapper" name="test_ModelWrapper_update_params" time="0.068" /><testcase classname="tests.dataprob.model_wrapper.test_model_wrapper" name="test_ModelWrapper_model" time="0.019" /><testcase classname="tests.dataprob.model_wrapper.test_model_wrapper" name="test_ModelWrapper_param_df" time="0.010" /><testcase classname="tests.dataprob.model_wrapper.test_model_wrapper" name="test_ModelWrapper_other_arguments" time="0.007" /><testcase classname="tests.dataprob.model_wrapper.test_model_wrapper" name="test_ModelWrapper_unfixed_mask" time="0.010" /><testcase classname="tests.dataprob.model_wrapper.test_model_wrapper" name="test_ModelWrapper___repr__" time="0.022" /><testcase classname="tests.dataprob.model_wrapper.test_vector_model_wrapper" name="test_VectorModelWrapper__load_model" time="0.024" /><testcase classname="tests.dataprob.model_wrapper.test_vector_model_wrapper" name="test_ModelWrapper__finalize_params" time="0.014" /><testcase classname="tests.dataprob.model_wrapper.test_vector_model_wrapper" name="test_VectorModelWrapper__mw_observable" time="0.021" /><testcase classname="tests.dataprob.model_wrapper.test_vector_model_wrapper" name="test_VectorModelWrapper_model" time="0.017" /><testcase classname="tests.dataprob.model_wrapper.test_wrap_function" name="test_wrap_function" time="0.085" /><testcase classname="tests.dataprob.test_check" name="test_check_bool" time="0.001" /><testcase classname="tests.dataprob.test_check" name="test_check_float" time="0.001" /><testcase classname="tests.dataprob.test_check" name="test_check_int" time="0.001" /><testcase classname="tests.dataprob.test_check" name="test_check_array" time="0.014" /><testcase classname="tests.dataprob.test_integration" name="test_ml_binding_curve" time="0.061" /><testcase classname="tests.dataprob.test_integration" name="test_bayesian_binding_curve" time="35.538" /><testcase classname="tests.dataprob.test_integration" name="test_bootstrap_binding_curve" time="4.145" /><testcase classname="tests.dataprob.test_package" name="test_generic_stuff" time="0.000" /></testsuite></testsuites>