<?xml version="1.0" encoding="utf-8"?><testsuites><testsuite name="pytest" errors="0" failures="0" skipped="0" tests="126" time="95.810" timestamp="2024-08-19T16:46:26.011804" hostname="banks"><testcase classname="tests.dataprob.fitters.bayesian.test__prior_processing" name="test__find_normalization" time="0.987" /><testcase classname="tests.dataprob.fitters.bayesian.test__prior_processing" name="test__reconcile_bounds_and_priors" time="0.005" /><testcase classname="tests.dataprob.fitters.bayesian.test__prior_processing" name="test__find_uniform_value" time="0.001" /><testcase classname="tests.dataprob.fitters.bayesian.test__prior_processing" name="test__sample_gaussian" time="0.377" /><testcase classname="tests.dataprob.fitters.bayesian.test__prior_processing" name="test__cover_uniform" time="0.001" /><testcase classname="tests.dataprob.fitters.bayesian.test__prior_processing" name="test_create_walkers" time="0.246" /><testcase classname="tests.dataprob.fitters.bayesian.test_bayesian_sampler" name="test_BayesianSampler__init__" time="0.012" /><testcase classname="tests.dataprob.fitters.bayesian.test_bayesian_sampler" name="test__setup_priors" time="0.256" /><testcase classname="tests.dataprob.fitters.bayesian.test_bayesian_sampler" name="test_BayesianSampler__ln_prior" time="0.146" /><testcase classname="tests.dataprob.fitters.bayesian.test_bayesian_sampler" name="test_BayesianSampler_ln_prior" time="0.142" /><testcase classname="tests.dataprob.fitters.bayesian.test_bayesian_sampler" name="test_BayesianSampler__ln_prob" time="0.082" /><testcase classname="tests.dataprob.fitters.bayesian.test_bayesian_sampler" name="test_BayesianSampler_ln_prob" time="0.144" /><testcase classname="tests.dataprob.fitters.bayesian.test_bayesian_sampler" name="test_BayesianSampler_fit" time="0.208" /><testcase classname="tests.dataprob.fitters.bayesian.test_bayesian_sampler" name="test_BayesianSampler__fit" time="0.917" /><testcase classname="tests.dataprob.fitters.bayesian.test_bayesian_sampler" name="test_BayesianSampler__update_fit_df" time="0.281" /><testcase classname="tests.dataprob.fitters.bayesian.test_bayesian_sampler" name="test_BayesianSampler_fit_info" time="0.107" /><testcase classname="tests.dataprob.fitters.bayesian.test_bayesian_sampler" name="test_BayesianSampler___repr__" time="0.454" /><testcase classname="tests.dataprob.fitters.test_base" name="test__pretty_zeropad_str" time="0.000" /><testcase classname="tests.dataprob.fitters.test_base" name="test_Fitter__init__" time="0.048" /><testcase classname="tests.dataprob.fitters.test_base" name="test_Fitter__sanity_check" time="0.011" /><testcase classname="tests.dataprob.fitters.test_base" name="test_Fitter__process_obs_args" time="0.021" /><testcase classname="tests.dataprob.fitters.test_base" name="test_Fitter_fit" time="0.041" /><testcase classname="tests.dataprob.fitters.test_base" name="test_Fitter__fit" time="0.011" /><testcase classname="tests.dataprob.fitters.test_base" name="test_Fitter__unweighted_residuals" time="0.012" /><testcase classname="tests.dataprob.fitters.test_base" name="test_Fitter_unweighted_residuals" time="0.018" /><testcase classname="tests.dataprob.fitters.test_base" name="test_Fitter__weighted_residuals" time="0.012" /><testcase classname="tests.dataprob.fitters.test_base" name="test_Fitter_weighted_residuals" time="0.019" /><testcase classname="tests.dataprob.fitters.test_base" name="test_Fitter__ln_like" time="0.013" /><testcase classname="tests.dataprob.fitters.test_base" name="test_Fitter_ln_like" time="0.016" /><testcase classname="tests.dataprob.fitters.test_base" name="test_Fitter_y_obs" time="0.011" /><testcase classname="tests.dataprob.fitters.test_base" name="test_Fitter_y_std" time="0.011" /><testcase classname="tests.dataprob.fitters.test_base" name="test_Fitter_param_df" time="0.014" /><testcase classname="tests.dataprob.fitters.test_base" name="test_Fitter_non_fit_kwargs" time="0.021" /><testcase classname="tests.dataprob.fitters.test_base" name="test_Fitter_data_df" time="0.137" /><testcase classname="tests.dataprob.fitters.test_base" name="test_Fitter__initialize_fit_df" time="0.002" /><testcase classname="tests.dataprob.fitters.test_base" name="test_Fitter__update_fit_df" time="0.011" /><testcase classname="tests.dataprob.fitters.test_base" name="test_Fitter_fit_df" time="0.011" /><testcase classname="tests.dataprob.fitters.test_base" name="test_Fitter_samples" time="0.010" /><testcase classname="tests.dataprob.fitters.test_base" name="test_Fitter_get_sample_df" time="0.377" /><testcase classname="tests.dataprob.fitters.test_base" name="test_Fitter_write_samples" time="0.016" /><testcase classname="tests.dataprob.fitters.test_base" name="test_Fitter_append_samples" time="0.076" /><testcase classname="tests.dataprob.fitters.test_base" name="test_Fitter_num_params" time="0.068" /><testcase classname="tests.dataprob.fitters.test_base" name="test_Fitter_num_obs" time="0.022" /><testcase classname="tests.dataprob.fitters.test_base" name="test_Fitter_success" time="0.011" /><testcase classname="tests.dataprob.fitters.test_base" name="test_Fitter_fit_info" time="0.011" /><testcase classname="tests.dataprob.fitters.test_base" name="test_Fitter_fit_result" time="0.011" /><testcase classname="tests.dataprob.fitters.test_bootstrap" name="test_BootstrapFitter__init" time="0.012" /><testcase classname="tests.dataprob.fitters.test_bootstrap" name="test_BootstrapFitter_fit" time="0.052" /><testcase classname="tests.dataprob.fitters.test_bootstrap" name="test_BootstrapFitter__fit" time="0.124" /><testcase classname="tests.dataprob.fitters.test_bootstrap" name="test_BootstrapFitter__update_fit_df" time="0.084" /><testcase classname="tests.dataprob.fitters.test_bootstrap" name="test_BootstrapFitter___repr__" time="0.137" /><testcase classname="tests.dataprob.fitters.test_ml" name="test_MLFitter___init__" time="0.012" /><testcase classname="tests.dataprob.fitters.test_ml" name="test_MLFitter_fit" time="0.024" /><testcase classname="tests.dataprob.fitters.test_ml" name="test_MLFitter__fit" time="0.072" /><testcase classname="tests.dataprob.fitters.test_ml" name="test_MLFitter__update_fit_df" time="0.045" /><testcase classname="tests.dataprob.fitters.test_ml" name="test_MLFitter_samples" time="0.094" /><testcase classname="tests.dataprob.fitters.test_ml" name="test_MLFitter___repr__" time="0.038" /><testcase classname="tests.dataprob.fitters.test_setup" name="test_setup" time="0.134" /><testcase classname="tests.dataprob.model_wrapper.test__dataframe_processing" name="test__check_name" time="0.002" /><testcase classname="tests.dataprob.model_wrapper.test__dataframe_processing" name="test__build_columns" time="0.015" /><testcase classname="tests.dataprob.model_wrapper.test__dataframe_processing" name="test__check_bounds" time="0.032" /><testcase classname="tests.dataprob.model_wrapper.test__dataframe_processing" name="test__check_guesses" time="0.012" /><testcase classname="tests.dataprob.model_wrapper.test__dataframe_processing" name="test__check_priors" time="0.022" /><testcase classname="tests.dataprob.model_wrapper.test__dataframe_processing" name="test__df_to_dict" time="0.002" /><testcase classname="tests.dataprob.model_wrapper.test__dataframe_processing" name="test_validate_dataframe" time="0.169" /><testcase classname="tests.dataprob.model_wrapper.test__dataframe_processing" name="test_param_into_existing" time="0.007" /><testcase classname="tests.dataprob.model_wrapper.test__function_processing" name="test_analyze_fcn_sig" time="0.001" /><testcase classname="tests.dataprob.model_wrapper.test__function_processing" name="test_reconcile_fittable" time="0.001" /><testcase classname="tests.dataprob.model_wrapper.test__function_processing" name="test_analyze_vector_input_fcn" time="0.001" /><testcase classname="tests.dataprob.model_wrapper.test_model_wrapper" name="test_ModelWrapper___init__" time="0.028" /><testcase classname="tests.dataprob.model_wrapper.test_model_wrapper" name="test_ModelWrapper__load_model" time="0.070" /><testcase classname="tests.dataprob.model_wrapper.test_model_wrapper" name="test_ModelWrapper__validate_non_fit_kwargs" time="0.014" /><testcase classname="tests.dataprob.model_wrapper.test_model_wrapper" name="test_ModelWrapper_finalize_params" time="0.028" /><testcase classname="tests.dataprob.model_wrapper.test_model_wrapper" name="test_ModelWrapper_update_params" time="0.070" /><testcase classname="tests.dataprob.model_wrapper.test_model_wrapper" name="test_ModelWrapper_model" time="0.044" /><testcase classname="tests.dataprob.model_wrapper.test_model_wrapper" name="test_ModelWrapper_fast_model" time="0.013" /><testcase classname="tests.dataprob.model_wrapper.test_model_wrapper" name="test_ModelWrapper_param_df" time="0.010" /><testcase classname="tests.dataprob.model_wrapper.test_model_wrapper" name="test_ModelWrapper_non_fit_kwargs" time="0.007" /><testcase classname="tests.dataprob.model_wrapper.test_model_wrapper" name="test_ModelWrapper_unfixed_mask" time="0.010" /><testcase classname="tests.dataprob.model_wrapper.test_model_wrapper" name="test_ModelWrapper___repr__" time="0.022" /><testcase classname="tests.dataprob.model_wrapper.test_vector_model_wrapper" name="test_VectorModelWrapper__init__" time="0.010" /><testcase classname="tests.dataprob.model_wrapper.test_vector_model_wrapper" name="test_VectorModelWrapper__load_model" time="0.043" /><testcase classname="tests.dataprob.model_wrapper.test_vector_model_wrapper" name="test_VectorModelWrapper__finalize_params" time="0.011" /><testcase classname="tests.dataprob.model_wrapper.test_vector_model_wrapper" name="test_VectorModelWrapper_model" time="0.047" /><testcase classname="tests.dataprob.model_wrapper.test_vector_model_wrapper" name="test_VectorModelWrapper_fast_model" time="0.013" /><testcase classname="tests.dataprob.model_wrapper.test_wrap_function" name="test_wrap_function" time="0.149" /><testcase classname="tests.dataprob.plot.test__plot_utils" name="test_get_plot_features" time="0.011" /><testcase classname="tests.dataprob.plot.test__plot_utils" name="test_get_style" time="0.001" /><testcase classname="tests.dataprob.plot.test__plot_utils" name="test_get_vectors" time="0.053" /><testcase classname="tests.dataprob.plot.test__plot_utils" name="test__get_edges" time="0.001" /><testcase classname="tests.dataprob.plot.test__plot_utils" name="test_get_plot_dimensions" time="0.000" /><testcase classname="tests.dataprob.plot.test__plot_utils" name="test_sync_axes" time="0.142" /><testcase classname="tests.dataprob.plot.test_appearance" name="test_default_styles" time="0.000" /><testcase classname="tests.dataprob.plot.test_corner" name="test_plot_corner" time="0.768" /><testcase classname="tests.dataprob.plot.test_plot_fit" name="test_plot_fit" time="0.488" /><testcase classname="tests.dataprob.plot.test_plot_residuals" name="test_plot_residuals" time="1.329" /><testcase classname="tests.dataprob.plot.test_plot_residuals_hist" name="test_plot_residuals_hist" time="0.260" /><testcase classname="tests.dataprob.plot.test_plot_summary" name="test_plot_summary" time="0.785" /><testcase classname="tests.dataprob.test_integration.test_binding" name="test_ml" time="0.757" /><testcase classname="tests.dataprob.test_integration.test_binding" name="test_bayesian" time="4.034" /><testcase classname="tests.dataprob.test_integration.test_binding" name="test_bootstrap" time="1.377" /><testcase classname="tests.dataprob.test_integration.test_exponential-saturation" name="test_ml" time="0.934" /><testcase classname="tests.dataprob.test_integration.test_exponential-saturation" name="test_bayesian" time="4.330" /><testcase classname="tests.dataprob.test_integration.test_exponential-saturation" name="test_bootstrap" time="1.387" /><testcase classname="tests.dataprob.test_integration.test_linear" name="test_ml" time="0.898" /><testcase classname="tests.dataprob.test_integration.test_linear" name="test_bayesian" time="4.254" /><testcase classname="tests.dataprob.test_integration.test_linear" name="test_bootstrap" time="1.078" /><testcase classname="tests.dataprob.test_integration.test_michelis-menten" name="test_ml" time="0.923" /><testcase classname="tests.dataprob.test_integration.test_michelis-menten" name="test_bayesian" time="4.189" /><testcase classname="tests.dataprob.test_integration.test_michelis-menten" name="test_bootstrap" time="1.229" /><testcase classname="tests.dataprob.test_integration.test_mixed-gaussian" name="test_ml" time="1.924" /><testcase classname="tests.dataprob.test_integration.test_mixed-gaussian" name="test_bayesian" time="14.196" /><testcase classname="tests.dataprob.test_integration.test_mixed-gaussian" name="test_bootstrap" time="14.110" /><testcase classname="tests.dataprob.test_integration.test_periodic" name="test_ml" time="0.828" /><testcase classname="tests.dataprob.test_integration.test_periodic" name="test_bayesian" time="4.192" /><testcase classname="tests.dataprob.test_integration.test_periodic" name="test_bootstrap" time="1.173" /><testcase classname="tests.dataprob.test_integration.test_polynomial" name="test_ml" time="1.336" /><testcase classname="tests.dataprob.test_integration.test_polynomial" name="test_bayesian" time="4.625" /><testcase classname="tests.dataprob.test_integration.test_polynomial" name="test_bootstrap" time="1.561" /><testcase classname="tests.dataprob.test_integration.test_random" name="test_bayesian" time="13.993" /><testcase classname="tests.dataprob.test_package" name="test_generic_stuff" time="0.000" /><testcase classname="tests.dataprob.util.test_check" name="test_check_bool" time="0.001" /><testcase classname="tests.dataprob.util.test_check" name="test_check_float" time="0.001" /><testcase classname="tests.dataprob.util.test_check" name="test_check_int" time="0.001" /><testcase classname="tests.dataprob.util.test_check" name="test_check_array" time="0.015" /><testcase classname="tests.dataprob.util.test_read_spreadsheet" name="test_read_spreadsheet" time="0.030" /></testsuite></testsuites>