<?xml version="1.0" encoding="utf-8"?><testsuites><testsuite name="pytest" errors="0" failures="0" skipped="0" tests="148" time="435.864" timestamp="2024-09-06T09:39:27.677273" hostname="banks"><testcase classname="tests.dataprob.fitters.bayesian.test__prior_processing" name="test__find_normalization" time="0.992" /><testcase classname="tests.dataprob.fitters.bayesian.test__prior_processing" name="test__reconcile_bounds_and_priors" time="0.005" /><testcase classname="tests.dataprob.fitters.bayesian.test__prior_processing" name="test__find_uniform_value" time="0.001" /><testcase classname="tests.dataprob.fitters.bayesian.test__prior_processing" name="test__sample_gaussian" time="0.366" /><testcase classname="tests.dataprob.fitters.bayesian.test__prior_processing" name="test__cover_uniform" time="0.001" /><testcase classname="tests.dataprob.fitters.bayesian.test__prior_processing" name="test_create_walkers" time="0.261" /><testcase classname="tests.dataprob.fitters.bayesian.test_bayesian_sampler" name="test_BayesianSampler__init__" time="0.011" /><testcase classname="tests.dataprob.fitters.bayesian.test_bayesian_sampler" name="test__setup_priors" time="0.255" /><testcase classname="tests.dataprob.fitters.bayesian.test_bayesian_sampler" name="test_BayesianSampler__ln_prior" time="0.152" /><testcase classname="tests.dataprob.fitters.bayesian.test_bayesian_sampler" name="test_BayesianSampler_ln_prior" time="0.152" /><testcase classname="tests.dataprob.fitters.bayesian.test_bayesian_sampler" name="test_BayesianSampler__ln_prob" time="0.087" /><testcase classname="tests.dataprob.fitters.bayesian.test_bayesian_sampler" name="test_BayesianSampler_ln_prob" time="0.147" /><testcase classname="tests.dataprob.fitters.bayesian.test_bayesian_sampler" name="test_BayesianSampler__sample_to_convergence" time="6.811" /><testcase classname="tests.dataprob.fitters.bayesian.test_bayesian_sampler" name="test_BayesianSampler_fit" time="0.788" /><testcase classname="tests.dataprob.fitters.bayesian.test_bayesian_sampler" name="test_BayesianSampler__fit" time="18.791" /><testcase classname="tests.dataprob.fitters.bayesian.test_bayesian_sampler" name="test_BayesianSampler__update_fit_df" time="6.897" /><testcase classname="tests.dataprob.fitters.bayesian.test_bayesian_sampler" name="test_BayesianSampler_fit_info" time="1.221" /><testcase classname="tests.dataprob.fitters.bayesian.test_bayesian_sampler" name="test_BayesianSampler___repr__" time="4.916" /><testcase classname="tests.dataprob.fitters.test_base" name="test__pretty_zeropad_str" time="0.000" /><testcase classname="tests.dataprob.fitters.test_base" name="test_Fitter__init__" time="0.046" /><testcase classname="tests.dataprob.fitters.test_base" name="test_Fitter__sanity_check" time="0.012" /><testcase classname="tests.dataprob.fitters.test_base" name="test_Fitter__process_obs_args" time="0.021" /><testcase classname="tests.dataprob.fitters.test_base" name="test_Fitter_fit" time="0.043" /><testcase classname="tests.dataprob.fitters.test_base" name="test_Fitter__fit" time="0.012" /><testcase classname="tests.dataprob.fitters.test_base" name="test_Fitter__unweighted_residuals" time="0.013" /><testcase classname="tests.dataprob.fitters.test_base" name="test_Fitter_unweighted_residuals" time="0.019" /><testcase classname="tests.dataprob.fitters.test_base" name="test_Fitter__weighted_residuals" time="0.013" /><testcase classname="tests.dataprob.fitters.test_base" name="test_Fitter_weighted_residuals" time="0.019" /><testcase classname="tests.dataprob.fitters.test_base" name="test_Fitter__ln_like" time="0.012" /><testcase classname="tests.dataprob.fitters.test_base" name="test_Fitter_ln_like" time="0.016" /><testcase classname="tests.dataprob.fitters.test_base" name="test_Fitter_y_obs" time="0.011" /><testcase classname="tests.dataprob.fitters.test_base" name="test_Fitter_y_std" time="0.012" /><testcase classname="tests.dataprob.fitters.test_base" name="test_Fitter_param_df" time="0.015" /><testcase classname="tests.dataprob.fitters.test_base" name="test_Fitter_non_fit_kwargs" time="0.021" /><testcase classname="tests.dataprob.fitters.test_base" name="test_Fitter_data_df" time="0.140" /><testcase classname="tests.dataprob.fitters.test_base" name="test_Fitter__initialize_fit_df" time="0.002" /><testcase classname="tests.dataprob.fitters.test_base" name="test_Fitter__update_fit_df" time="0.011" /><testcase classname="tests.dataprob.fitters.test_base" name="test_Fitter_fit_df" time="0.012" /><testcase classname="tests.dataprob.fitters.test_base" name="test_Fitter_fit_quality" time="0.011" /><testcase classname="tests.dataprob.fitters.test_base" name="test_Fitter_samples" time="0.011" /><testcase classname="tests.dataprob.fitters.test_base" name="test_Fitter_get_sample_df" time="0.564" /><testcase classname="tests.dataprob.fitters.test_base" name="test_Fitter_write_samples" time="0.014" /><testcase classname="tests.dataprob.fitters.test_base" name="test_Fitter_append_samples" time="0.077" /><testcase classname="tests.dataprob.fitters.test_base" name="test_Fitter_num_params" time="0.065" /><testcase classname="tests.dataprob.fitters.test_base" name="test_Fitter_num_obs" time="0.022" /><testcase classname="tests.dataprob.fitters.test_base" name="test_Fitter_success" time="0.011" /><testcase classname="tests.dataprob.fitters.test_base" name="test_Fitter_fit_info" time="0.011" /><testcase classname="tests.dataprob.fitters.test_base" name="test_Fitter_fit_result" time="0.011" /><testcase classname="tests.dataprob.fitters.test_bootstrap" name="test_BootstrapFitter__init" time="0.011" /><testcase classname="tests.dataprob.fitters.test_bootstrap" name="test_BootstrapFitter_fit" time="0.058" /><testcase classname="tests.dataprob.fitters.test_bootstrap" name="test_BootstrapFitter__fit" time="0.210" /><testcase classname="tests.dataprob.fitters.test_bootstrap" name="test_BootstrapFitter__update_fit_df" time="0.158" /><testcase classname="tests.dataprob.fitters.test_bootstrap" name="test_BootstrapFitter___repr__" time="0.085" /><testcase classname="tests.dataprob.fitters.test_ml" name="test_MLFitter___init__" time="0.011" /><testcase classname="tests.dataprob.fitters.test_ml" name="test_MLFitter_fit" time="0.022" /><testcase classname="tests.dataprob.fitters.test_ml" name="test_MLFitter__fit" time="0.060" /><testcase classname="tests.dataprob.fitters.test_ml" name="test_MLFitter__update_fit_df" time="0.040" /><testcase classname="tests.dataprob.fitters.test_ml" name="test_MLFitter_fit_quality" time="0.023" /><testcase classname="tests.dataprob.fitters.test_ml" name="test_MLFitter_samples" time="0.070" /><testcase classname="tests.dataprob.fitters.test_ml" name="test_MLFitter___repr__" time="0.034" /><testcase classname="tests.dataprob.fitters.test_setup" name="test_setup" time="0.119" /><testcase classname="tests.dataprob.model_wrapper.test__dataframe_processing" name="test__check_name" time="0.002" /><testcase classname="tests.dataprob.model_wrapper.test__dataframe_processing" name="test__build_columns" time="0.014" /><testcase classname="tests.dataprob.model_wrapper.test__dataframe_processing" name="test__check_bounds" time="0.024" /><testcase classname="tests.dataprob.model_wrapper.test__dataframe_processing" name="test__check_guesses" time="0.011" /><testcase classname="tests.dataprob.model_wrapper.test__dataframe_processing" name="test__check_priors" time="0.020" /><testcase classname="tests.dataprob.model_wrapper.test__dataframe_processing" name="test__df_to_dict" time="0.002" /><testcase classname="tests.dataprob.model_wrapper.test__dataframe_processing" name="test_validate_dataframe" time="0.161" /><testcase classname="tests.dataprob.model_wrapper.test__dataframe_processing" name="test_param_into_existing" time="0.007" /><testcase classname="tests.dataprob.model_wrapper.test__function_processing" name="test_analyze_fcn_sig" time="0.002" /><testcase classname="tests.dataprob.model_wrapper.test__function_processing" name="test_reconcile_fittable" time="0.001" /><testcase classname="tests.dataprob.model_wrapper.test__function_processing" name="test_analyze_vector_input_fcn" time="0.001" /><testcase classname="tests.dataprob.model_wrapper.test_model_wrapper" name="test_ModelWrapper___init__" time="0.027" /><testcase classname="tests.dataprob.model_wrapper.test_model_wrapper" name="test_ModelWrapper__load_model" time="0.069" /><testcase classname="tests.dataprob.model_wrapper.test_model_wrapper" name="test_ModelWrapper__validate_non_fit_kwargs" time="0.014" /><testcase classname="tests.dataprob.model_wrapper.test_model_wrapper" name="test_ModelWrapper_finalize_params" time="0.028" /><testcase classname="tests.dataprob.model_wrapper.test_model_wrapper" name="test_ModelWrapper_update_params" time="0.070" /><testcase classname="tests.dataprob.model_wrapper.test_model_wrapper" name="test_ModelWrapper_model" time="0.046" /><testcase classname="tests.dataprob.model_wrapper.test_model_wrapper" name="test_ModelWrapper_fast_model" time="0.014" /><testcase classname="tests.dataprob.model_wrapper.test_model_wrapper" name="test_ModelWrapper_param_df" time="0.010" /><testcase classname="tests.dataprob.model_wrapper.test_model_wrapper" name="test_ModelWrapper_non_fit_kwargs" time="0.008" /><testcase classname="tests.dataprob.model_wrapper.test_model_wrapper" name="test_ModelWrapper_unfixed_mask" time="0.011" /><testcase classname="tests.dataprob.model_wrapper.test_model_wrapper" name="test_ModelWrapper___repr__" time="0.022" /><testcase classname="tests.dataprob.model_wrapper.test_vector_model_wrapper" name="test_VectorModelWrapper__init__" time="0.010" /><testcase classname="tests.dataprob.model_wrapper.test_vector_model_wrapper" name="test_VectorModelWrapper__load_model" time="0.043" /><testcase classname="tests.dataprob.model_wrapper.test_vector_model_wrapper" name="test_VectorModelWrapper__finalize_params" time="0.011" /><testcase classname="tests.dataprob.model_wrapper.test_vector_model_wrapper" name="test_VectorModelWrapper_model" time="0.055" /><testcase classname="tests.dataprob.model_wrapper.test_vector_model_wrapper" name="test_VectorModelWrapper_fast_model" time="0.013" /><testcase classname="tests.dataprob.model_wrapper.test_wrap_function" name="test_wrap_function" time="0.146" /><testcase classname="tests.dataprob.plot.test__plot_utils" name="test_get_plot_features" time="0.012" /><testcase classname="tests.dataprob.plot.test__plot_utils" name="test_get_style" time="0.001" /><testcase classname="tests.dataprob.plot.test__plot_utils" name="test_get_vectors" time="0.050" /><testcase classname="tests.dataprob.plot.test__plot_utils" name="test__get_edges" time="0.001" /><testcase classname="tests.dataprob.plot.test__plot_utils" name="test_get_plot_dimensions" time="0.000" /><testcase classname="tests.dataprob.plot.test__plot_utils" name="test_sync_axes" time="0.147" /><testcase classname="tests.dataprob.plot.test_appearance" name="test_default_styles" time="0.000" /><testcase classname="tests.dataprob.plot.test_corner" name="test_plot_corner" time="0.717" /><testcase classname="tests.dataprob.plot.test_plot_fit" name="test_plot_fit" time="0.473" /><testcase classname="tests.dataprob.plot.test_plot_residuals" name="test_plot_residuals" time="1.538" /><testcase classname="tests.dataprob.plot.test_plot_residuals_hist" name="test_plot_residuals_hist" time="0.257" /><testcase classname="tests.dataprob.plot.test_plot_summary" name="test_plot_summary" time="0.767" /><testcase classname="tests.dataprob.test_integration.test_binding" name="test_ml" time="0.726" /><testcase classname="tests.dataprob.test_integration.test_binding" name="test_bayesian" time="6.480" /><testcase classname="tests.dataprob.test_integration.test_binding" name="test_bootstrap" time="1.117" /><testcase classname="tests.dataprob.test_integration.test_exponential-saturation" name="test_ml" time="0.874" /><testcase classname="tests.dataprob.test_integration.test_exponential-saturation" name="test_bayesian" time="9.126" /><testcase classname="tests.dataprob.test_integration.test_exponential-saturation" name="test_bootstrap" time="1.095" /><testcase classname="tests.dataprob.test_integration.test_lagged-exponential" name="test_ml" time="0.883" /><testcase classname="tests.dataprob.test_integration.test_lagged-exponential" name="test_bayesian" time="7.404" /><testcase classname="tests.dataprob.test_integration.test_lagged-exponential" name="test_bootstrap" time="1.019" /><testcase classname="tests.dataprob.test_integration.test_linear-extrapolation-folding" name="test_ml" time="1.427" /><testcase classname="tests.dataprob.test_integration.test_linear-extrapolation-folding" name="test_bayesian" time="31.345" /><testcase classname="tests.dataprob.test_integration.test_linear-extrapolation-folding" name="test_bootstrap" time="2.256" /><testcase classname="tests.dataprob.test_integration.test_linear" name="test_ml" time="0.807" /><testcase classname="tests.dataprob.test_integration.test_linear" name="test_bayesian" time="6.854" /><testcase classname="tests.dataprob.test_integration.test_linear" name="test_bootstrap" time="0.893" /><testcase classname="tests.dataprob.test_integration.test_michelis-menten" name="test_ml" time="0.857" /><testcase classname="tests.dataprob.test_integration.test_michelis-menten" name="test_bayesian" time="6.652" /><testcase classname="tests.dataprob.test_integration.test_michelis-menten" name="test_bootstrap" time="1.032" /><testcase classname="tests.dataprob.test_integration.test_mixed-gaussian" name="test_ml" time="1.678" /><testcase classname="tests.dataprob.test_integration.test_mixed-gaussian" name="test_bayesian" time="250.766" /><testcase classname="tests.dataprob.test_integration.test_mixed-gaussian" name="test_bootstrap" time="11.726" /><testcase classname="tests.dataprob.test_integration.test_periodic" name="test_ml" time="0.796" /><testcase classname="tests.dataprob.test_integration.test_periodic" name="test_bayesian" time="7.184" /><testcase classname="tests.dataprob.test_integration.test_periodic" name="test_bootstrap" time="0.894" /><testcase classname="tests.dataprob.test_integration.test_polynomial" name="test_ml" time="1.208" /><testcase classname="tests.dataprob.test_integration.test_polynomial" name="test_bayesian" time="16.398" /><testcase classname="tests.dataprob.test_integration.test_polynomial" name="test_bootstrap" time="1.347" /><testcase classname="tests.dataprob.test_integration.test_random" name="test_bayesian" time="12.212" /><testcase classname="tests.dataprob.test_package" name="test_generic_stuff" time="0.000" /><testcase classname="tests.dataprob.util.test_check" name="test_check_bool" time="0.001" /><testcase classname="tests.dataprob.util.test_check" name="test_check_float" time="0.001" /><testcase classname="tests.dataprob.util.test_check" name="test_check_int" time="0.001" /><testcase classname="tests.dataprob.util.test_check" name="test_check_array" time="0.014" /><testcase classname="tests.dataprob.util.test_get_fit_quality" name="test__get_success" time="0.000" /><testcase classname="tests.dataprob.util.test_get_fit_quality" name="test__get_num_obs" time="0.000" /><testcase classname="tests.dataprob.util.test_get_fit_quality" name="test__get_num_param" time="0.000" /><testcase classname="tests.dataprob.util.test_get_fit_quality" name="test__get_lnL" time="0.000" /><testcase classname="tests.dataprob.util.test_get_fit_quality" name="test__get_chi2" time="0.001" /><testcase classname="tests.dataprob.util.test_get_fit_quality" name="test__get_reduced_chi2" time="0.000" /><testcase classname="tests.dataprob.util.test_get_fit_quality" name="test__get_mean0_ttest" time="0.002" /><testcase classname="tests.dataprob.util.test_get_fit_quality" name="test__get_durbin_watson" time="0.001" /><testcase classname="tests.dataprob.util.test_get_fit_quality" name="test__get_ljung_box" time="0.001" /><testcase classname="tests.dataprob.util.test_get_fit_quality" name="test_get_fit_quality" time="0.064" /><testcase classname="tests.dataprob.util.test_read_spreadsheet" name="test_read_spreadsheet" time="0.034" /><testcase classname="tests.dataprob.util.test_stats" name="test_durbin_watson" time="0.001" /><testcase classname="tests.dataprob.util.test_stats" name="test_ljung_box" time="0.002" /><testcase classname="tests.dataprob.util.test_stats" name="test_get_kde_max" time="0.142" /></testsuite></testsuites>