<?xml version="1.0" encoding="utf-8"?><testsuites><testsuite name="pytest" errors="0" failures="0" skipped="0" tests="132" time="103.416" timestamp="2024-08-19T21:57:23.344005" hostname="banks"><testcase classname="tests.dataprob.fitters.bayesian.test__prior_processing" name="test__find_normalization" time="0.978" /><testcase classname="tests.dataprob.fitters.bayesian.test__prior_processing" name="test__reconcile_bounds_and_priors" time="0.004" /><testcase classname="tests.dataprob.fitters.bayesian.test__prior_processing" name="test__find_uniform_value" time="0.001" /><testcase classname="tests.dataprob.fitters.bayesian.test__prior_processing" name="test__sample_gaussian" time="0.393" /><testcase classname="tests.dataprob.fitters.bayesian.test__prior_processing" name="test__cover_uniform" time="0.002" /><testcase classname="tests.dataprob.fitters.bayesian.test__prior_processing" name="test_create_walkers" time="0.263" /><testcase classname="tests.dataprob.fitters.bayesian.test_bayesian_sampler" name="test_BayesianSampler__init__" time="0.011" /><testcase classname="tests.dataprob.fitters.bayesian.test_bayesian_sampler" name="test__setup_priors" time="0.256" /><testcase classname="tests.dataprob.fitters.bayesian.test_bayesian_sampler" name="test_BayesianSampler__ln_prior" time="0.153" /><testcase classname="tests.dataprob.fitters.bayesian.test_bayesian_sampler" name="test_BayesianSampler_ln_prior" time="0.149" /><testcase classname="tests.dataprob.fitters.bayesian.test_bayesian_sampler" name="test_BayesianSampler__ln_prob" time="0.087" /><testcase classname="tests.dataprob.fitters.bayesian.test_bayesian_sampler" name="test_BayesianSampler_ln_prob" time="0.151" /><testcase classname="tests.dataprob.fitters.bayesian.test_bayesian_sampler" name="test_BayesianSampler_fit" time="0.190" /><testcase classname="tests.dataprob.fitters.bayesian.test_bayesian_sampler" name="test_BayesianSampler__fit" time="0.799" /><testcase classname="tests.dataprob.fitters.bayesian.test_bayesian_sampler" name="test_BayesianSampler__update_fit_df" time="0.217" /><testcase classname="tests.dataprob.fitters.bayesian.test_bayesian_sampler" name="test_BayesianSampler_fit_info" time="0.103" /><testcase classname="tests.dataprob.fitters.bayesian.test_bayesian_sampler" name="test_BayesianSampler___repr__" time="0.416" /><testcase classname="tests.dataprob.fitters.test_base" name="test__pretty_zeropad_str" time="0.000" /><testcase classname="tests.dataprob.fitters.test_base" name="test_Fitter__init__" time="0.044" /><testcase classname="tests.dataprob.fitters.test_base" name="test_Fitter__sanity_check" time="0.011" /><testcase classname="tests.dataprob.fitters.test_base" name="test_Fitter__process_obs_args" time="0.020" /><testcase classname="tests.dataprob.fitters.test_base" name="test_Fitter_fit" time="0.041" /><testcase classname="tests.dataprob.fitters.test_base" name="test_Fitter__fit" time="0.011" /><testcase classname="tests.dataprob.fitters.test_base" name="test_Fitter__unweighted_residuals" time="0.013" /><testcase classname="tests.dataprob.fitters.test_base" name="test_Fitter_unweighted_residuals" time="0.019" /><testcase classname="tests.dataprob.fitters.test_base" name="test_Fitter__weighted_residuals" time="0.012" /><testcase classname="tests.dataprob.fitters.test_base" name="test_Fitter_weighted_residuals" time="0.019" /><testcase classname="tests.dataprob.fitters.test_base" name="test_Fitter__ln_like" time="0.013" /><testcase classname="tests.dataprob.fitters.test_base" name="test_Fitter_ln_like" time="0.016" /><testcase classname="tests.dataprob.fitters.test_base" name="test_Fitter_y_obs" time="0.011" /><testcase classname="tests.dataprob.fitters.test_base" name="test_Fitter_y_std" time="0.011" /><testcase classname="tests.dataprob.fitters.test_base" name="test_Fitter_param_df" time="0.015" /><testcase classname="tests.dataprob.fitters.test_base" name="test_Fitter_non_fit_kwargs" time="0.021" /><testcase classname="tests.dataprob.fitters.test_base" name="test_Fitter_data_df" time="0.134" /><testcase classname="tests.dataprob.fitters.test_base" name="test_Fitter__initialize_fit_df" time="0.002" /><testcase classname="tests.dataprob.fitters.test_base" name="test_Fitter__update_fit_df" time="0.011" /><testcase classname="tests.dataprob.fitters.test_base" name="test_Fitter_fit_df" time="0.011" /><testcase classname="tests.dataprob.fitters.test_base" name="test_Fitter_samples" time="0.011" /><testcase classname="tests.dataprob.fitters.test_base" name="test_Fitter_get_sample_df" time="0.383" /><testcase classname="tests.dataprob.fitters.test_base" name="test_Fitter_write_samples" time="0.017" /><testcase classname="tests.dataprob.fitters.test_base" name="test_Fitter_append_samples" time="0.074" /><testcase classname="tests.dataprob.fitters.test_base" name="test_Fitter_num_params" time="0.066" /><testcase classname="tests.dataprob.fitters.test_base" name="test_Fitter_num_obs" time="0.021" /><testcase classname="tests.dataprob.fitters.test_base" name="test_Fitter_success" time="0.011" /><testcase classname="tests.dataprob.fitters.test_base" name="test_Fitter_fit_info" time="0.011" /><testcase classname="tests.dataprob.fitters.test_base" name="test_Fitter_fit_result" time="0.011" /><testcase classname="tests.dataprob.fitters.test_bootstrap" name="test_BootstrapFitter__init" time="0.011" /><testcase classname="tests.dataprob.fitters.test_bootstrap" name="test_BootstrapFitter_fit" time="0.052" /><testcase classname="tests.dataprob.fitters.test_bootstrap" name="test_BootstrapFitter__fit" time="0.124" /><testcase classname="tests.dataprob.fitters.test_bootstrap" name="test_BootstrapFitter__update_fit_df" time="0.081" /><testcase classname="tests.dataprob.fitters.test_bootstrap" name="test_BootstrapFitter___repr__" time="0.137" /><testcase classname="tests.dataprob.fitters.test_ml" name="test_MLFitter___init__" time="0.011" /><testcase classname="tests.dataprob.fitters.test_ml" name="test_MLFitter_fit" time="0.023" /><testcase classname="tests.dataprob.fitters.test_ml" name="test_MLFitter__fit" time="0.064" /><testcase classname="tests.dataprob.fitters.test_ml" name="test_MLFitter__update_fit_df" time="0.042" /><testcase classname="tests.dataprob.fitters.test_ml" name="test_MLFitter_samples" time="0.070" /><testcase classname="tests.dataprob.fitters.test_ml" name="test_MLFitter___repr__" time="0.034" /><testcase classname="tests.dataprob.fitters.test_setup" name="test_setup" time="0.115" /><testcase classname="tests.dataprob.model_wrapper.test__dataframe_processing" name="test__check_name" time="0.002" /><testcase classname="tests.dataprob.model_wrapper.test__dataframe_processing" name="test__build_columns" time="0.014" /><testcase classname="tests.dataprob.model_wrapper.test__dataframe_processing" name="test__check_bounds" time="0.025" /><testcase classname="tests.dataprob.model_wrapper.test__dataframe_processing" name="test__check_guesses" time="0.011" /><testcase classname="tests.dataprob.model_wrapper.test__dataframe_processing" name="test__check_priors" time="0.021" /><testcase classname="tests.dataprob.model_wrapper.test__dataframe_processing" name="test__df_to_dict" time="0.002" /><testcase classname="tests.dataprob.model_wrapper.test__dataframe_processing" name="test_validate_dataframe" time="0.164" /><testcase classname="tests.dataprob.model_wrapper.test__dataframe_processing" name="test_param_into_existing" time="0.007" /><testcase classname="tests.dataprob.model_wrapper.test__function_processing" name="test_analyze_fcn_sig" time="0.001" /><testcase classname="tests.dataprob.model_wrapper.test__function_processing" name="test_reconcile_fittable" time="0.001" /><testcase classname="tests.dataprob.model_wrapper.test__function_processing" name="test_analyze_vector_input_fcn" time="0.001" /><testcase classname="tests.dataprob.model_wrapper.test_model_wrapper" name="test_ModelWrapper___init__" time="0.027" /><testcase classname="tests.dataprob.model_wrapper.test_model_wrapper" name="test_ModelWrapper__load_model" time="0.069" /><testcase classname="tests.dataprob.model_wrapper.test_model_wrapper" name="test_ModelWrapper__validate_non_fit_kwargs" time="0.013" /><testcase classname="tests.dataprob.model_wrapper.test_model_wrapper" name="test_ModelWrapper_finalize_params" time="0.028" /><testcase classname="tests.dataprob.model_wrapper.test_model_wrapper" name="test_ModelWrapper_update_params" time="0.070" /><testcase classname="tests.dataprob.model_wrapper.test_model_wrapper" name="test_ModelWrapper_model" time="0.046" /><testcase classname="tests.dataprob.model_wrapper.test_model_wrapper" name="test_ModelWrapper_fast_model" time="0.013" /><testcase classname="tests.dataprob.model_wrapper.test_model_wrapper" name="test_ModelWrapper_param_df" time="0.010" /><testcase classname="tests.dataprob.model_wrapper.test_model_wrapper" name="test_ModelWrapper_non_fit_kwargs" time="0.007" /><testcase classname="tests.dataprob.model_wrapper.test_model_wrapper" name="test_ModelWrapper_unfixed_mask" time="0.010" /><testcase classname="tests.dataprob.model_wrapper.test_model_wrapper" name="test_ModelWrapper___repr__" time="0.022" /><testcase classname="tests.dataprob.model_wrapper.test_vector_model_wrapper" name="test_VectorModelWrapper__init__" time="0.010" /><testcase classname="tests.dataprob.model_wrapper.test_vector_model_wrapper" name="test_VectorModelWrapper__load_model" time="0.044" /><testcase classname="tests.dataprob.model_wrapper.test_vector_model_wrapper" name="test_VectorModelWrapper__finalize_params" time="0.011" /><testcase classname="tests.dataprob.model_wrapper.test_vector_model_wrapper" name="test_VectorModelWrapper_model" time="0.055" /><testcase classname="tests.dataprob.model_wrapper.test_vector_model_wrapper" name="test_VectorModelWrapper_fast_model" time="0.013" /><testcase classname="tests.dataprob.model_wrapper.test_wrap_function" name="test_wrap_function" time="0.147" /><testcase classname="tests.dataprob.plot.test__plot_utils" name="test_get_plot_features" time="0.011" /><testcase classname="tests.dataprob.plot.test__plot_utils" name="test_get_style" time="0.001" /><testcase classname="tests.dataprob.plot.test__plot_utils" name="test_get_vectors" time="0.054" /><testcase classname="tests.dataprob.plot.test__plot_utils" name="test__get_edges" time="0.001" /><testcase classname="tests.dataprob.plot.test__plot_utils" name="test_get_plot_dimensions" time="0.000" /><testcase classname="tests.dataprob.plot.test__plot_utils" name="test_sync_axes" time="0.143" /><testcase classname="tests.dataprob.plot.test_appearance" name="test_default_styles" time="0.000" /><testcase classname="tests.dataprob.plot.test_corner" name="test_plot_corner" time="0.710" /><testcase classname="tests.dataprob.plot.test_plot_fit" name="test_plot_fit" time="0.466" /><testcase classname="tests.dataprob.plot.test_plot_residuals" name="test_plot_residuals" time="1.289" /><testcase classname="tests.dataprob.plot.test_plot_residuals_hist" name="test_plot_residuals_hist" time="0.248" /><testcase classname="tests.dataprob.plot.test_plot_summary" name="test_plot_summary" time="0.748" /><testcase classname="tests.dataprob.test_integration.test_binding" name="test_ml" time="0.724" /><testcase classname="tests.dataprob.test_integration.test_binding" name="test_bayesian" time="3.820" /><testcase classname="tests.dataprob.test_integration.test_binding" name="test_bootstrap" time="1.353" /><testcase classname="tests.dataprob.test_integration.test_exponential-saturation" name="test_ml" time="0.881" /><testcase classname="tests.dataprob.test_integration.test_exponential-saturation" name="test_bayesian" time="4.060" /><testcase classname="tests.dataprob.test_integration.test_exponential-saturation" name="test_bootstrap" time="1.299" /><testcase classname="tests.dataprob.test_integration.test_lagged-exponential" name="test_ml" time="0.868" /><testcase classname="tests.dataprob.test_integration.test_lagged-exponential" name="test_bayesian" time="3.871" /><testcase classname="tests.dataprob.test_integration.test_lagged-exponential" name="test_bootstrap" time="1.306" /><testcase classname="tests.dataprob.test_integration.test_linear-extrapolation-folding" name="test_ml" time="1.372" /><testcase classname="tests.dataprob.test_integration.test_linear-extrapolation-folding" name="test_bayesian" time="4.432" /><testcase classname="tests.dataprob.test_integration.test_linear-extrapolation-folding" name="test_bootstrap" time="2.086" /><testcase classname="tests.dataprob.test_integration.test_linear" name="test_ml" time="0.853" /><testcase classname="tests.dataprob.test_integration.test_linear" name="test_bayesian" time="3.820" /><testcase classname="tests.dataprob.test_integration.test_linear" name="test_bootstrap" time="1.013" /><testcase classname="tests.dataprob.test_integration.test_michelis-menten" name="test_ml" time="0.839" /><testcase classname="tests.dataprob.test_integration.test_michelis-menten" name="test_bayesian" time="3.843" /><testcase classname="tests.dataprob.test_integration.test_michelis-menten" name="test_bootstrap" time="1.163" /><testcase classname="tests.dataprob.test_integration.test_mixed-gaussian" name="test_ml" time="1.674" /><testcase classname="tests.dataprob.test_integration.test_mixed-gaussian" name="test_bayesian" time="13.100" /><testcase classname="tests.dataprob.test_integration.test_mixed-gaussian" name="test_bootstrap" time="13.315" /><testcase classname="tests.dataprob.test_integration.test_periodic" name="test_ml" time="0.784" /><testcase classname="tests.dataprob.test_integration.test_periodic" name="test_bayesian" time="3.830" /><testcase classname="tests.dataprob.test_integration.test_periodic" name="test_bootstrap" time="1.091" /><testcase classname="tests.dataprob.test_integration.test_polynomial" name="test_ml" time="1.196" /><testcase classname="tests.dataprob.test_integration.test_polynomial" name="test_bayesian" time="4.308" /><testcase classname="tests.dataprob.test_integration.test_polynomial" name="test_bootstrap" time="1.427" /><testcase classname="tests.dataprob.test_integration.test_random" name="test_bayesian" time="12.835" /><testcase classname="tests.dataprob.test_package" name="test_generic_stuff" time="0.000" /><testcase classname="tests.dataprob.util.test_check" name="test_check_bool" time="0.001" /><testcase classname="tests.dataprob.util.test_check" name="test_check_float" time="0.001" /><testcase classname="tests.dataprob.util.test_check" name="test_check_int" time="0.001" /><testcase classname="tests.dataprob.util.test_check" name="test_check_array" time="0.013" /><testcase classname="tests.dataprob.util.test_read_spreadsheet" name="test_read_spreadsheet" time="0.031" /></testsuite></testsuites>