<?xml version="1.0" encoding="utf-8"?><testsuites><testsuite name="pytest" errors="0" failures="0" skipped="0" tests="105" time="14.914" timestamp="2024-08-17T16:29:47.092726" hostname="banks"><testcase classname="tests.dataprob.fitters.bayesian.test__prior_processing" name="test__find_normalization" time="1.023" /><testcase classname="tests.dataprob.fitters.bayesian.test__prior_processing" name="test__reconcile_bounds_and_priors" time="0.005" /><testcase classname="tests.dataprob.fitters.bayesian.test__prior_processing" name="test__find_uniform_value" time="0.001" /><testcase classname="tests.dataprob.fitters.bayesian.test__prior_processing" name="test__sample_gaussian" time="0.384" /><testcase classname="tests.dataprob.fitters.bayesian.test__prior_processing" name="test__cover_uniform" time="0.001" /><testcase classname="tests.dataprob.fitters.bayesian.test__prior_processing" name="test_create_walkers" time="0.241" /><testcase classname="tests.dataprob.fitters.bayesian.test_bayesian_sampler" name="test_BayesianSampler__init__" time="0.100" /><testcase classname="tests.dataprob.fitters.bayesian.test_bayesian_sampler" name="test__setup_priors" time="0.278" /><testcase classname="tests.dataprob.fitters.bayesian.test_bayesian_sampler" name="test_BayesianSampler__ln_prior" time="0.176" /><testcase classname="tests.dataprob.fitters.bayesian.test_bayesian_sampler" name="test_BayesianSampler_ln_prior" time="0.160" /><testcase classname="tests.dataprob.fitters.bayesian.test_bayesian_sampler" name="test_BayesianSampler__ln_prob" time="0.085" /><testcase classname="tests.dataprob.fitters.bayesian.test_bayesian_sampler" name="test_BayesianSampler_ln_prob" time="0.168" /><testcase classname="tests.dataprob.fitters.bayesian.test_bayesian_sampler" name="test_BayesianSampler__fit" time="0.930" /><testcase classname="tests.dataprob.fitters.bayesian.test_bayesian_sampler" name="test_BayesianSampler__update_fit_df" time="0.205" /><testcase classname="tests.dataprob.fitters.bayesian.test_bayesian_sampler" name="test_BayesianSampler_fit_info" time="0.013" /><testcase classname="tests.dataprob.fitters.bayesian.test_bayesian_sampler" name="test_BayesianSampler___repr__" time="0.136" /><testcase classname="tests.dataprob.fitters.test_base" name="test__pretty_zeropad_str" time="0.000" /><testcase classname="tests.dataprob.fitters.test_base" name="test_Fitter__init__" time="0.055" /><testcase classname="tests.dataprob.fitters.test_base" name="test_Fitter__sanity_check" time="0.013" /><testcase classname="tests.dataprob.fitters.test_base" name="test_Fitter__process_obs_args" time="0.016" /><testcase classname="tests.dataprob.fitters.test_base" name="test_Fitter_fit" time="0.045" /><testcase classname="tests.dataprob.fitters.test_base" name="test_Fitter__fit" time="0.014" /><testcase classname="tests.dataprob.fitters.test_base" name="test_Fitter__unweighted_residuals" time="0.022" /><testcase classname="tests.dataprob.fitters.test_base" name="test_Fitter_unweighted_residuals" time="0.021" /><testcase classname="tests.dataprob.fitters.test_base" name="test_Fitter__weighted_residuals" time="0.014" /><testcase classname="tests.dataprob.fitters.test_base" name="test_Fitter_weighted_residuals" time="0.019" /><testcase classname="tests.dataprob.fitters.test_base" name="test_Fitter__ln_like" time="0.016" /><testcase classname="tests.dataprob.fitters.test_base" name="test_Fitter_ln_like" time="0.019" /><testcase classname="tests.dataprob.fitters.test_base" name="test_Fitter_y_obs_setter_getter" time="0.038" /><testcase classname="tests.dataprob.fitters.test_base" name="test_Fitter_y_std_setter_getter" time="0.042" /><testcase classname="tests.dataprob.fitters.test_base" name="test_Fitter_param_df" time="0.012" /><testcase classname="tests.dataprob.fitters.test_base" name="test_Fitter_data_df" time="0.057" /><testcase classname="tests.dataprob.fitters.test_base" name="test_Fitter__initialize_fit_df" time="0.002" /><testcase classname="tests.dataprob.fitters.test_base" name="test_Fitter__update_fit_df" time="0.013" /><testcase classname="tests.dataprob.fitters.test_base" name="test_Fitter_fit_df" time="0.014" /><testcase classname="tests.dataprob.fitters.test_base" name="test_Fitter_samples" time="0.012" /><testcase classname="tests.dataprob.fitters.test_base" name="test_Fitter_get_sample_df" time="0.417" /><testcase classname="tests.dataprob.fitters.test_base" name="test_Fitter_write_samples" time="0.018" /><testcase classname="tests.dataprob.fitters.test_base" name="test_Fitter_append_samples" time="0.076" /><testcase classname="tests.dataprob.fitters.test_base" name="test_Fitter_num_params" time="0.065" /><testcase classname="tests.dataprob.fitters.test_base" name="test_Fitter_num_obs" time="0.021" /><testcase classname="tests.dataprob.fitters.test_base" name="test_Fitter_fit_type" time="0.011" /><testcase classname="tests.dataprob.fitters.test_base" name="test_Fitter_success" time="0.011" /><testcase classname="tests.dataprob.fitters.test_base" name="test_Fitter_fit_info" time="0.011" /><testcase classname="tests.dataprob.fitters.test_base" name="test_Fitter_fit_result" time="0.011" /><testcase classname="tests.dataprob.fitters.test_bootstrap" name="test_BootstrapFitter__init" time="0.047" /><testcase classname="tests.dataprob.fitters.test_bootstrap" name="test_BootstrapFitter__fit" time="0.185" /><testcase classname="tests.dataprob.fitters.test_bootstrap" name="test_BootstrapFitter__update_fit_df" time="0.102" /><testcase classname="tests.dataprob.fitters.test_bootstrap" name="test_BootstrapFitter___repr__" time="0.090" /><testcase classname="tests.dataprob.fitters.test_ml" name="test_MLFitter___init__" time="0.012" /><testcase classname="tests.dataprob.fitters.test_ml" name="test_MLFitter__fit" time="0.077" /><testcase classname="tests.dataprob.fitters.test_ml" name="test_MLFitter__update_fit_df" time="0.050" /><testcase classname="tests.dataprob.fitters.test_ml" name="test_MLFitter_samples" time="0.119" /><testcase classname="tests.dataprob.fitters.test_ml" name="test_MLFitter___repr__" time="0.066" /><testcase classname="tests.dataprob.model_wrapper.test__dataframe_processing" name="test__check_name" time="0.002" /><testcase classname="tests.dataprob.model_wrapper.test__dataframe_processing" name="test__build_columns" time="0.016" /><testcase classname="tests.dataprob.model_wrapper.test__dataframe_processing" name="test__check_bounds" time="0.040" /><testcase classname="tests.dataprob.model_wrapper.test__dataframe_processing" name="test__check_guesses" time="0.020" /><testcase classname="tests.dataprob.model_wrapper.test__dataframe_processing" name="test__check_priors" time="0.044" /><testcase classname="tests.dataprob.model_wrapper.test__dataframe_processing" name="test__df_to_dict" time="0.002" /><testcase classname="tests.dataprob.model_wrapper.test__dataframe_processing" name="test_read_spreadsheet" time="0.186" /><testcase classname="tests.dataprob.model_wrapper.test__dataframe_processing" name="test_validate_dataframe" time="0.009" /><testcase classname="tests.dataprob.model_wrapper.test__dataframe_processing" name="test_param_into_existing" time="0.008" /><testcase classname="tests.dataprob.model_wrapper.test__function_processing" name="test_analyze_fcn_sig" time="0.002" /><testcase classname="tests.dataprob.model_wrapper.test__function_processing" name="test_reconcile_fittable" time="0.001" /><testcase classname="tests.dataprob.model_wrapper.test__function_processing" name="test_param_sanity_check" time="0.000" /><testcase classname="tests.dataprob.model_wrapper.test__function_processing" name="test_analyze_vector_input_fcn" time="0.001" /><testcase classname="tests.dataprob.model_wrapper.test_model_wrapper" name="test_ModelWrapper___init__" time="0.030" /><testcase classname="tests.dataprob.model_wrapper.test_model_wrapper" name="test_ModelWrapper__load_model" time="0.074" /><testcase classname="tests.dataprob.model_wrapper.test_model_wrapper" name="test_ModelWrapper__setattr__" time="0.011" /><testcase classname="tests.dataprob.model_wrapper.test_model_wrapper" name="test_ModelWrapper___getattr__" time="0.008" /><testcase classname="tests.dataprob.model_wrapper.test_model_wrapper" name="test_ModelWrapper__finalize_params" time="0.016" /><testcase classname="tests.dataprob.model_wrapper.test_model_wrapper" name="test_ModelWrapper__mw_observable" time="0.019" /><testcase classname="tests.dataprob.model_wrapper.test_model_wrapper" name="test_ModelWrapper_update_params" time="0.077" /><testcase classname="tests.dataprob.model_wrapper.test_model_wrapper" name="test_ModelWrapper_model" time="0.022" /><testcase classname="tests.dataprob.model_wrapper.test_model_wrapper" name="test_ModelWrapper_fast_model" time="0.012" /><testcase classname="tests.dataprob.model_wrapper.test_model_wrapper" name="test_ModelWrapper_param_df" time="0.012" /><testcase classname="tests.dataprob.model_wrapper.test_model_wrapper" name="test_ModelWrapper_other_arguments" time="0.008" /><testcase classname="tests.dataprob.model_wrapper.test_model_wrapper" name="test_ModelWrapper_unfixed_mask" time="0.012" /><testcase classname="tests.dataprob.model_wrapper.test_model_wrapper" name="test_ModelWrapper___repr__" time="0.024" /><testcase classname="tests.dataprob.model_wrapper.test_vector_model_wrapper" name="test_VectorModelWrapper__init__" time="0.008" /><testcase classname="tests.dataprob.model_wrapper.test_vector_model_wrapper" name="test_VectorModelWrapper__load_model" time="0.052" /><testcase classname="tests.dataprob.model_wrapper.test_vector_model_wrapper" name="test_ModelWrapper__finalize_params" time="0.015" /><testcase classname="tests.dataprob.model_wrapper.test_vector_model_wrapper" name="test_VectorModelWrapper__mw_observable" time="0.022" /><testcase classname="tests.dataprob.model_wrapper.test_vector_model_wrapper" name="test_VectorModelWrapper_model" time="0.020" /><testcase classname="tests.dataprob.model_wrapper.test_vector_model_wrapper" name="test_VectorModelWrapper_fast_model" time="0.015" /><testcase classname="tests.dataprob.model_wrapper.test_wrap_function" name="test_wrap_function" time="0.154" /><testcase classname="tests.dataprob.plot.test__plot_utils" name="test_get_plot_features" time="0.011" /><testcase classname="tests.dataprob.plot.test__plot_utils" name="test__validate_and_load_style" time="0.000" /><testcase classname="tests.dataprob.plot.test__plot_utils" name="test_get_styling" time="0.000" /><testcase classname="tests.dataprob.plot.test__plot_utils" name="test_get_vectors" time="0.047" /><testcase classname="tests.dataprob.plot.test__plot_utils" name="test__get_edges" time="0.001" /><testcase classname="tests.dataprob.plot.test__plot_utils" name="test_get_plot_dimensions" time="0.000" /><testcase classname="tests.dataprob.plot.test_corner" name="test_plot_corner" time="0.857" /><testcase classname="tests.dataprob.plot.test_plot_fit" name="test_plot_fit" time="0.489" /><testcase classname="tests.dataprob.plot.test_plot_residuals" name="test_plot_residuals" time="1.431" /><testcase classname="tests.dataprob.plot.test_plot_residuals_hist" name="test_plot_residuals_hist" time="0.325" /><testcase classname="tests.dataprob.test_check" name="test_check_bool" time="0.001" /><testcase classname="tests.dataprob.test_check" name="test_check_float" time="0.001" /><testcase classname="tests.dataprob.test_check" name="test_check_int" time="0.001" /><testcase classname="tests.dataprob.test_check" name="test_check_array" time="0.015" /><testcase classname="tests.dataprob.test_integration" name="test_ml_binding_curve" time="0.026" /><testcase classname="tests.dataprob.test_integration" name="test_bayesian_binding_curve" time="4.387" /><testcase classname="tests.dataprob.test_integration" name="test_bootstrap_binding_curve" time="0.494" /><testcase classname="tests.dataprob.test_package" name="test_generic_stuff" time="0.000" /></testsuite></testsuites>